ERROR 2025-11-06 17:01:37,011 log Internal Server Error: /admin/accounts/user/3203e245-a20b-42f5-bcaf-e773f30ab51c/change/
Traceback (most recent call last):
  File "C:\Users\Crist\Desktop\newest AIverse from claud\venv\Lib\site-packages\django\contrib\admin\options.py", line 840, in get_form
    return modelform_factory(self.model, **defaults)
  File "C:\Users\Crist\Desktop\newest AIverse from claud\venv\Lib\site-packages\django\forms\models.py", line 654, in modelform_factory
    return type(form)(class_name, (form,), form_class_attrs)
           ~~~~~~~~~~^^^^^^^^^^^^^^^^^^^^^^^^^^^^^^^^^^^^^^^
  File "C:\Users\Crist\Desktop\newest AIverse from claud\venv\Lib\site-packages\django\forms\models.py", line 312, in __new__
    fields = fields_for_model(
        opts.model,
    ...<11 lines>...
        form_declared_fields=new_class.declared_fields,
    )
  File "C:\Users\Crist\Desktop\newest AIverse from claud\venv\Lib\site-packages\django\forms\models.py", line 207, in fields_for_model
    raise FieldError(
    ...<2 lines>...
    )
django.core.exceptions.FieldError: 'date_joined' cannot be specified for User model form as it is a non-editable field

During handling of the above exception, another exception occurred:

Traceback (most recent call last):
  File "C:\Users\Crist\Desktop\newest AIverse from claud\venv\Lib\site-packages\django\core\handlers\exception.py", line 55, in inner
    response = get_response(request)
  File "C:\Users\Crist\Desktop\newest AIverse from claud\venv\Lib\site-packages\django\core\handlers\base.py", line 197, in _get_response
    response = wrapped_callback(request, *callback_args, **callback_kwargs)
  File "C:\Users\Crist\Desktop\newest AIverse from claud\venv\Lib\site-packages\django\contrib\admin\options.py", line 719, in wrapper
    return self.admin_site.admin_view(view)(*args, **kwargs)
           ~~~~~~~~~~~~~~~~~~~~~~~~~~~~~~~~^^^^^^^^^^^^^^^^^
  File "C:\Users\Crist\Desktop\newest AIverse from claud\venv\Lib\site-packages\django\utils\decorators.py", line 192, in _view_wrapper
    result = _process_exception(request, e)
  File "C:\Users\Crist\Desktop\newest AIverse from claud\venv\Lib\site-packages\django\utils\decorators.py", line 190, in _view_wrapper
    response = view_func(request, *args, **kwargs)
  File "C:\Users\Crist\Desktop\newest AIverse from claud\venv\Lib\site-packages\django\views\decorators\cache.py", line 80, in _view_wrapper
    response = view_func(request, *args, **kwargs)
  File "C:\Users\Crist\Desktop\newest AIverse from claud\venv\Lib\site-packages\django\contrib\admin\sites.py", line 246, in inner
    return view(request, *args, **kwargs)
  File "C:\Users\Crist\Desktop\newest AIverse from claud\venv\Lib\site-packages\django\contrib\admin\options.py", line 1987, in change_view
    return self.changeform_view(request, object_id, form_url, extra_context)
           ~~~~~~~~~~~~~~~~~~~~^^^^^^^^^^^^^^^^^^^^^^^^^^^^^^^^^^^^^^^^^^^^^
  File "C:\Users\Crist\Desktop\newest AIverse from claud\venv\Lib\site-packages\django\utils\decorators.py", line 48, in _wrapper
    return bound_method(*args, **kwargs)
  File "C:\Users\Crist\Desktop\newest AIverse from claud\venv\Lib\site-packages\django\utils\decorators.py", line 192, in _view_wrapper
    result = _process_exception(request, e)
  File "C:\Users\Crist\Desktop\newest AIverse from claud\venv\Lib\site-packages\django\utils\decorators.py", line 190, in _view_wrapper
    response = view_func(request, *args, **kwargs)
  File "C:\Users\Crist\Desktop\newest AIverse from claud\venv\Lib\site-packages\django\contrib\admin\options.py", line 1840, in changeform_view
    return self._changeform_view(request, object_id, form_url, extra_context)
           ~~~~~~~~~~~~~~~~~~~~~^^^^^^^^^^^^^^^^^^^^^^^^^^^^^^^^^^^^^^^^^^^^^
  File "C:\Users\Crist\Desktop\newest AIverse from claud\venv\Lib\site-packages\django\contrib\admin\options.py", line 1878, in _changeform_view
    ModelForm = self.get_form(
        request, obj, change=not add, fields=flatten_fieldsets(fieldsets)
    )
  File "C:\Users\Crist\Desktop\newest AIverse from claud\venv\Lib\site-packages\django\contrib\auth\admin.py", line 98, in get_form
    return super().get_form(request, obj, **defaults)
           ~~~~~~~~~~~~~~~~^^^^^^^^^^^^^^^^^^^^^^^^^^
  File "C:\Users\Crist\Desktop\newest AIverse from claud\venv\Lib\site-packages\django\contrib\admin\options.py", line 842, in get_form
    raise FieldError(
    ...<2 lines>...
    )
django.core.exceptions.FieldError: 'date_joined' cannot be specified for User model form as it is a non-editable field. Check fields/fieldsets/exclude attributes of class UserAdmin.
ERROR 2025-11-06 17:01:44,406 log Internal Server Error: /admin/accounts/user/dd14ea59-a9e2-4d94-9393-28a17277326a/change/
Traceback (most recent call last):
  File "C:\Users\Crist\Desktop\newest AIverse from claud\venv\Lib\site-packages\django\contrib\admin\options.py", line 840, in get_form
    return modelform_factory(self.model, **defaults)
  File "C:\Users\Crist\Desktop\newest AIverse from claud\venv\Lib\site-packages\django\forms\models.py", line 654, in modelform_factory
    return type(form)(class_name, (form,), form_class_attrs)
           ~~~~~~~~~~^^^^^^^^^^^^^^^^^^^^^^^^^^^^^^^^^^^^^^^
  File "C:\Users\Crist\Desktop\newest AIverse from claud\venv\Lib\site-packages\django\forms\models.py", line 312, in __new__
    fields = fields_for_model(
        opts.model,
    ...<11 lines>...
        form_declared_fields=new_class.declared_fields,
    )
  File "C:\Users\Crist\Desktop\newest AIverse from claud\venv\Lib\site-packages\django\forms\models.py", line 207, in fields_for_model
    raise FieldError(
    ...<2 lines>...
    )
django.core.exceptions.FieldError: 'date_joined' cannot be specified for User model form as it is a non-editable field

During handling of the above exception, another exception occurred:

Traceback (most recent call last):
  File "C:\Users\Crist\Desktop\newest AIverse from claud\venv\Lib\site-packages\django\core\handlers\exception.py", line 55, in inner
    response = get_response(request)
  File "C:\Users\Crist\Desktop\newest AIverse from claud\venv\Lib\site-packages\django\core\handlers\base.py", line 197, in _get_response
    response = wrapped_callback(request, *callback_args, **callback_kwargs)
  File "C:\Users\Crist\Desktop\newest AIverse from claud\venv\Lib\site-packages\django\contrib\admin\options.py", line 719, in wrapper
    return self.admin_site.admin_view(view)(*args, **kwargs)
           ~~~~~~~~~~~~~~~~~~~~~~~~~~~~~~~~^^^^^^^^^^^^^^^^^
  File "C:\Users\Crist\Desktop\newest AIverse from claud\venv\Lib\site-packages\django\utils\decorators.py", line 192, in _view_wrapper
    result = _process_exception(request, e)
  File "C:\Users\Crist\Desktop\newest AIverse from claud\venv\Lib\site-packages\django\utils\decorators.py", line 190, in _view_wrapper
    response = view_func(request, *args, **kwargs)
  File "C:\Users\Crist\Desktop\newest AIverse from claud\venv\Lib\site-packages\django\views\decorators\cache.py", line 80, in _view_wrapper
    response = view_func(request, *args, **kwargs)
  File "C:\Users\Crist\Desktop\newest AIverse from claud\venv\Lib\site-packages\django\contrib\admin\sites.py", line 246, in inner
    return view(request, *args, **kwargs)
  File "C:\Users\Crist\Desktop\newest AIverse from claud\venv\Lib\site-packages\django\contrib\admin\options.py", line 1987, in change_view
    return self.changeform_view(request, object_id, form_url, extra_context)
           ~~~~~~~~~~~~~~~~~~~~^^^^^^^^^^^^^^^^^^^^^^^^^^^^^^^^^^^^^^^^^^^^^
  File "C:\Users\Crist\Desktop\newest AIverse from claud\venv\Lib\site-packages\django\utils\decorators.py", line 48, in _wrapper
    return bound_method(*args, **kwargs)
  File "C:\Users\Crist\Desktop\newest AIverse from claud\venv\Lib\site-packages\django\utils\decorators.py", line 192, in _view_wrapper
    result = _process_exception(request, e)
  File "C:\Users\Crist\Desktop\newest AIverse from claud\venv\Lib\site-packages\django\utils\decorators.py", line 190, in _view_wrapper
    response = view_func(request, *args, **kwargs)
  File "C:\Users\Crist\Desktop\newest AIverse from claud\venv\Lib\site-packages\django\contrib\admin\options.py", line 1840, in changeform_view
    return self._changeform_view(request, object_id, form_url, extra_context)
           ~~~~~~~~~~~~~~~~~~~~~^^^^^^^^^^^^^^^^^^^^^^^^^^^^^^^^^^^^^^^^^^^^^
  File "C:\Users\Crist\Desktop\newest AIverse from claud\venv\Lib\site-packages\django\contrib\admin\options.py", line 1878, in _changeform_view
    ModelForm = self.get_form(
        request, obj, change=not add, fields=flatten_fieldsets(fieldsets)
    )
  File "C:\Users\Crist\Desktop\newest AIverse from claud\venv\Lib\site-packages\django\contrib\auth\admin.py", line 98, in get_form
    return super().get_form(request, obj, **defaults)
           ~~~~~~~~~~~~~~~~^^^^^^^^^^^^^^^^^^^^^^^^^^
  File "C:\Users\Crist\Desktop\newest AIverse from claud\venv\Lib\site-packages\django\contrib\admin\options.py", line 842, in get_form
    raise FieldError(
    ...<2 lines>...
    )
django.core.exceptions.FieldError: 'date_joined' cannot be specified for User model form as it is a non-editable field. Check fields/fieldsets/exclude attributes of class UserAdmin.
ERROR 2025-11-06 17:02:55,057 log Internal Server Error: /admin/accounts/user/041cd1db-197d-4dff-8afd-1d0829f76094/change/
Traceback (most recent call last):
  File "C:\Users\Crist\Desktop\newest AIverse from claud\venv\Lib\site-packages\django\contrib\admin\options.py", line 840, in get_form
    return modelform_factory(self.model, **defaults)
  File "C:\Users\Crist\Desktop\newest AIverse from claud\venv\Lib\site-packages\django\forms\models.py", line 654, in modelform_factory
    return type(form)(class_name, (form,), form_class_attrs)
           ~~~~~~~~~~^^^^^^^^^^^^^^^^^^^^^^^^^^^^^^^^^^^^^^^
  File "C:\Users\Crist\Desktop\newest AIverse from claud\venv\Lib\site-packages\django\forms\models.py", line 312, in __new__
    fields = fields_for_model(
        opts.model,
    ...<11 lines>...
        form_declared_fields=new_class.declared_fields,
    )
  File "C:\Users\Crist\Desktop\newest AIverse from claud\venv\Lib\site-packages\django\forms\models.py", line 207, in fields_for_model
    raise FieldError(
    ...<2 lines>...
    )
django.core.exceptions.FieldError: 'date_joined' cannot be specified for User model form as it is a non-editable field

During handling of the above exception, another exception occurred:

Traceback (most recent call last):
  File "C:\Users\Crist\Desktop\newest AIverse from claud\venv\Lib\site-packages\django\core\handlers\exception.py", line 55, in inner
    response = get_response(request)
  File "C:\Users\Crist\Desktop\newest AIverse from claud\venv\Lib\site-packages\django\core\handlers\base.py", line 197, in _get_response
    response = wrapped_callback(request, *callback_args, **callback_kwargs)
  File "C:\Users\Crist\Desktop\newest AIverse from claud\venv\Lib\site-packages\django\contrib\admin\options.py", line 719, in wrapper
    return self.admin_site.admin_view(view)(*args, **kwargs)
           ~~~~~~~~~~~~~~~~~~~~~~~~~~~~~~~~^^^^^^^^^^^^^^^^^
  File "C:\Users\Crist\Desktop\newest AIverse from claud\venv\Lib\site-packages\django\utils\decorators.py", line 192, in _view_wrapper
    result = _process_exception(request, e)
  File "C:\Users\Crist\Desktop\newest AIverse from claud\venv\Lib\site-packages\django\utils\decorators.py", line 190, in _view_wrapper
    response = view_func(request, *args, **kwargs)
  File "C:\Users\Crist\Desktop\newest AIverse from claud\venv\Lib\site-packages\django\views\decorators\cache.py", line 80, in _view_wrapper
    response = view_func(request, *args, **kwargs)
  File "C:\Users\Crist\Desktop\newest AIverse from claud\venv\Lib\site-packages\django\contrib\admin\sites.py", line 246, in inner
    return view(request, *args, **kwargs)
  File "C:\Users\Crist\Desktop\newest AIverse from claud\venv\Lib\site-packages\django\contrib\admin\options.py", line 1987, in change_view
    return self.changeform_view(request, object_id, form_url, extra_context)
           ~~~~~~~~~~~~~~~~~~~~^^^^^^^^^^^^^^^^^^^^^^^^^^^^^^^^^^^^^^^^^^^^^
  File "C:\Users\Crist\Desktop\newest AIverse from claud\venv\Lib\site-packages\django\utils\decorators.py", line 48, in _wrapper
    return bound_method(*args, **kwargs)
  File "C:\Users\Crist\Desktop\newest AIverse from claud\venv\Lib\site-packages\django\utils\decorators.py", line 192, in _view_wrapper
    result = _process_exception(request, e)
  File "C:\Users\Crist\Desktop\newest AIverse from claud\venv\Lib\site-packages\django\utils\decorators.py", line 190, in _view_wrapper
    response = view_func(request, *args, **kwargs)
  File "C:\Users\Crist\Desktop\newest AIverse from claud\venv\Lib\site-packages\django\contrib\admin\options.py", line 1840, in changeform_view
    return self._changeform_view(request, object_id, form_url, extra_context)
           ~~~~~~~~~~~~~~~~~~~~~^^^^^^^^^^^^^^^^^^^^^^^^^^^^^^^^^^^^^^^^^^^^^
  File "C:\Users\Crist\Desktop\newest AIverse from claud\venv\Lib\site-packages\django\contrib\admin\options.py", line 1878, in _changeform_view
    ModelForm = self.get_form(
        request, obj, change=not add, fields=flatten_fieldsets(fieldsets)
    )
  File "C:\Users\Crist\Desktop\newest AIverse from claud\venv\Lib\site-packages\django\contrib\auth\admin.py", line 98, in get_form
    return super().get_form(request, obj, **defaults)
           ~~~~~~~~~~~~~~~~^^^^^^^^^^^^^^^^^^^^^^^^^^
  File "C:\Users\Crist\Desktop\newest AIverse from claud\venv\Lib\site-packages\django\contrib\admin\options.py", line 842, in get_form
    raise FieldError(
    ...<2 lines>...
    )
django.core.exceptions.FieldError: 'date_joined' cannot be specified for User model form as it is a non-editable field. Check fields/fieldsets/exclude attributes of class UserAdmin.
ERROR 2025-11-12 22:24:40,896 log Internal Server Error: /api/auth/me/
Traceback (most recent call last):
  File "C:\Users\Crist\Desktop\AIversefullstack\backend\venv\Lib\site-packages\rest_framework\fields.py", line 437, in get_attribute
    return get_attribute(instance, self.source_attrs)
  File "C:\Users\Crist\Desktop\AIversefullstack\backend\venv\Lib\site-packages\rest_framework\fields.py", line 104, in get_attribute
    instance = getattr(instance, attr)
AttributeError: 'AnonymousUser' object has no attribute 'email'

During handling of the above exception, another exception occurred:

Traceback (most recent call last):
  File "C:\Users\Crist\Desktop\AIversefullstack\backend\venv\Lib\site-packages\django\core\handlers\exception.py", line 55, in inner
    response = get_response(request)
  File "C:\Users\Crist\Desktop\AIversefullstack\backend\venv\Lib\site-packages\django\core\handlers\base.py", line 197, in _get_response
    response = wrapped_callback(request, *callback_args, **callback_kwargs)
  File "C:\Users\Crist\Desktop\AIversefullstack\backend\venv\Lib\site-packages\django\views\decorators\csrf.py", line 65, in _view_wrapper
    return view_func(request, *args, **kwargs)
  File "C:\Users\Crist\Desktop\AIversefullstack\backend\venv\Lib\site-packages\django\views\generic\base.py", line 105, in view
    return self.dispatch(request, *args, **kwargs)
           ~~~~~~~~~~~~~^^^^^^^^^^^^^^^^^^^^^^^^^^
  File "C:\Users\Crist\Desktop\AIversefullstack\backend\venv\Lib\site-packages\rest_framework\views.py", line 515, in dispatch
    response = self.handle_exception(exc)
  File "C:\Users\Crist\Desktop\AIversefullstack\backend\venv\Lib\site-packages\rest_framework\views.py", line 475, in handle_exception
    self.raise_uncaught_exception(exc)
    ~~~~~~~~~~~~~~~~~~~~~~~~~~~~~^^^^^
  File "C:\Users\Crist\Desktop\AIversefullstack\backend\venv\Lib\site-packages\rest_framework\views.py", line 486, in raise_uncaught_exception
    raise exc
  File "C:\Users\Crist\Desktop\AIversefullstack\backend\venv\Lib\site-packages\rest_framework\views.py", line 512, in dispatch
    response = handler(request, *args, **kwargs)
  File "C:\Users\Crist\Desktop\AIversefullstack\backend\venv\Lib\site-packages\rest_framework\generics.py", line 256, in get
    return self.retrieve(request, *args, **kwargs)
           ~~~~~~~~~~~~~^^^^^^^^^^^^^^^^^^^^^^^^^^
  File "C:\Users\Crist\Desktop\AIversefullstack\backend\venv\Lib\site-packages\rest_framework\mixins.py", line 56, in retrieve
    return Response(serializer.data)
                    ^^^^^^^^^^^^^^^
  File "C:\Users\Crist\Desktop\AIversefullstack\backend\venv\Lib\site-packages\rest_framework\serializers.py", line 573, in data
    ret = super().data
          ^^^^^^^^^^^^
  File "C:\Users\Crist\Desktop\AIversefullstack\backend\venv\Lib\site-packages\rest_framework\serializers.py", line 251, in data
    self._data = self.to_representation(self.instance)
                 ~~~~~~~~~~~~~~~~~~~~~~^^^^^^^^^^^^^^^
  File "C:\Users\Crist\Desktop\AIversefullstack\backend\venv\Lib\site-packages\rest_framework\serializers.py", line 527, in to_representation
    attribute = field.get_attribute(instance)
  File "C:\Users\Crist\Desktop\AIversefullstack\backend\venv\Lib\site-packages\rest_framework\fields.py", line 470, in get_attribute
    raise type(exc)(msg)
AttributeError: Got AttributeError when attempting to get a value for field `email` on serializer `UserSerializer`.
The serializer field might be named incorrectly and not match any attribute or key on the `AnonymousUser` instance.
Original exception text was: 'AnonymousUser' object has no attribute 'email'.
ERROR 2025-11-22 15:57:41,968 log Internal Server Error: /api/prompts/frist-pormpt/increment_view/
Traceback (most recent call last):
  File "C:\Users\Crist\Desktop\AIversefullstack - 6.3 - editable\backend\venv\Lib\site-packages\django\core\handlers\exception.py", line 55, in inner
    response = get_response(request)
  File "C:\Users\Crist\Desktop\AIversefullstack - 6.3 - editable\backend\venv\Lib\site-packages\django\core\handlers\base.py", line 197, in _get_response
    response = wrapped_callback(request, *callback_args, **callback_kwargs)
  File "C:\Users\Crist\Desktop\AIversefullstack - 6.3 - editable\backend\venv\Lib\site-packages\django\views\decorators\csrf.py", line 65, in _view_wrapper
    return view_func(request, *args, **kwargs)
  File "C:\Users\Crist\Desktop\AIversefullstack - 6.3 - editable\backend\venv\Lib\site-packages\rest_framework\viewsets.py", line 125, in view
    return self.dispatch(request, *args, **kwargs)
           ~~~~~~~~~~~~~^^^^^^^^^^^^^^^^^^^^^^^^^^
  File "C:\Users\Crist\Desktop\AIversefullstack - 6.3 - editable\backend\venv\Lib\site-packages\rest_framework\views.py", line 515, in dispatch
    response = self.handle_exception(exc)
  File "C:\Users\Crist\Desktop\AIversefullstack - 6.3 - editable\backend\venv\Lib\site-packages\rest_framework\views.py", line 475, in handle_exception
    self.raise_uncaught_exception(exc)
    ~~~~~~~~~~~~~~~~~~~~~~~~~~~~~^^^^^
  File "C:\Users\Crist\Desktop\AIversefullstack - 6.3 - editable\backend\venv\Lib\site-packages\rest_framework\views.py", line 486, in raise_uncaught_exception
    raise exc
  File "C:\Users\Crist\Desktop\AIversefullstack - 6.3 - editable\backend\venv\Lib\site-packages\rest_framework\views.py", line 512, in dispatch
    response = handler(request, *args, **kwargs)
  File "C:\Users\Crist\Desktop\AIversefullstack - 6.3 - editable\backend\prompts\views.py", line 58, in increment_view
    prompt.views = models.F('views') + 1
                   ^^^^^^
NameError: name 'models' is not defined
ERROR 2025-11-22 15:57:41,976 log Internal Server Error: /api/prompts/frist-pormpt/increment_view/
Traceback (most recent call last):
  File "C:\Users\Crist\Desktop\AIversefullstack - 6.3 - editable\backend\venv\Lib\site-packages\django\core\handlers\exception.py", line 55, in inner
    response = get_response(request)
  File "C:\Users\Crist\Desktop\AIversefullstack - 6.3 - editable\backend\venv\Lib\site-packages\django\core\handlers\base.py", line 197, in _get_response
    response = wrapped_callback(request, *callback_args, **callback_kwargs)
  File "C:\Users\Crist\Desktop\AIversefullstack - 6.3 - editable\backend\venv\Lib\site-packages\django\views\decorators\csrf.py", line 65, in _view_wrapper
    return view_func(request, *args, **kwargs)
  File "C:\Users\Crist\Desktop\AIversefullstack - 6.3 - editable\backend\venv\Lib\site-packages\rest_framework\viewsets.py", line 125, in view
    return self.dispatch(request, *args, **kwargs)
           ~~~~~~~~~~~~~^^^^^^^^^^^^^^^^^^^^^^^^^^
  File "C:\Users\Crist\Desktop\AIversefullstack - 6.3 - editable\backend\venv\Lib\site-packages\rest_framework\views.py", line 515, in dispatch
    response = self.handle_exception(exc)
  File "C:\Users\Crist\Desktop\AIversefullstack - 6.3 - editable\backend\venv\Lib\site-packages\rest_framework\views.py", line 475, in handle_exception
    self.raise_uncaught_exception(exc)
    ~~~~~~~~~~~~~~~~~~~~~~~~~~~~~^^^^^
  File "C:\Users\Crist\Desktop\AIversefullstack - 6.3 - editable\backend\venv\Lib\site-packages\rest_framework\views.py", line 486, in raise_uncaught_exception
    raise exc
  File "C:\Users\Crist\Desktop\AIversefullstack - 6.3 - editable\backend\venv\Lib\site-packages\rest_framework\views.py", line 512, in dispatch
    response = handler(request, *args, **kwargs)
  File "C:\Users\Crist\Desktop\AIversefullstack - 6.3 - editable\backend\prompts\views.py", line 58, in increment_view
    prompt.views = models.F('views') + 1
                   ^^^^^^
NameError: name 'models' is not defined
ERROR 2025-11-22 15:57:55,278 log Internal Server Error: /api/prompts/frist-pormpt/increment_view/
Traceback (most recent call last):
  File "C:\Users\Crist\Desktop\AIversefullstack - 6.3 - editable\backend\venv\Lib\site-packages\django\core\handlers\exception.py", line 55, in inner
    response = get_response(request)
  File "C:\Users\Crist\Desktop\AIversefullstack - 6.3 - editable\backend\venv\Lib\site-packages\django\core\handlers\base.py", line 197, in _get_response
    response = wrapped_callback(request, *callback_args, **callback_kwargs)
  File "C:\Users\Crist\Desktop\AIversefullstack - 6.3 - editable\backend\venv\Lib\site-packages\django\views\decorators\csrf.py", line 65, in _view_wrapper
    return view_func(request, *args, **kwargs)
  File "C:\Users\Crist\Desktop\AIversefullstack - 6.3 - editable\backend\venv\Lib\site-packages\rest_framework\viewsets.py", line 125, in view
    return self.dispatch(request, *args, **kwargs)
           ~~~~~~~~~~~~~^^^^^^^^^^^^^^^^^^^^^^^^^^
  File "C:\Users\Crist\Desktop\AIversefullstack - 6.3 - editable\backend\venv\Lib\site-packages\rest_framework\views.py", line 515, in dispatch
    response = self.handle_exception(exc)
  File "C:\Users\Crist\Desktop\AIversefullstack - 6.3 - editable\backend\venv\Lib\site-packages\rest_framework\views.py", line 475, in handle_exception
    self.raise_uncaught_exception(exc)
    ~~~~~~~~~~~~~~~~~~~~~~~~~~~~~^^^^^
  File "C:\Users\Crist\Desktop\AIversefullstack - 6.3 - editable\backend\venv\Lib\site-packages\rest_framework\views.py", line 486, in raise_uncaught_exception
    raise exc
  File "C:\Users\Crist\Desktop\AIversefullstack - 6.3 - editable\backend\venv\Lib\site-packages\rest_framework\views.py", line 512, in dispatch
    response = handler(request, *args, **kwargs)
  File "C:\Users\Crist\Desktop\AIversefullstack - 6.3 - editable\backend\prompts\views.py", line 58, in increment_view
    prompt.views = models.F('views') + 1
                   ^^^^^^
NameError: name 'models' is not defined
ERROR 2025-11-22 15:57:55,333 log Internal Server Error: /api/prompts/frist-pormpt/increment_view/
Traceback (most recent call last):
  File "C:\Users\Crist\Desktop\AIversefullstack - 6.3 - editable\backend\venv\Lib\site-packages\django\core\handlers\exception.py", line 55, in inner
    response = get_response(request)
  File "C:\Users\Crist\Desktop\AIversefullstack - 6.3 - editable\backend\venv\Lib\site-packages\django\core\handlers\base.py", line 197, in _get_response
    response = wrapped_callback(request, *callback_args, **callback_kwargs)
  File "C:\Users\Crist\Desktop\AIversefullstack - 6.3 - editable\backend\venv\Lib\site-packages\django\views\decorators\csrf.py", line 65, in _view_wrapper
    return view_func(request, *args, **kwargs)
  File "C:\Users\Crist\Desktop\AIversefullstack - 6.3 - editable\backend\venv\Lib\site-packages\rest_framework\viewsets.py", line 125, in view
    return self.dispatch(request, *args, **kwargs)
           ~~~~~~~~~~~~~^^^^^^^^^^^^^^^^^^^^^^^^^^
  File "C:\Users\Crist\Desktop\AIversefullstack - 6.3 - editable\backend\venv\Lib\site-packages\rest_framework\views.py", line 515, in dispatch
    response = self.handle_exception(exc)
  File "C:\Users\Crist\Desktop\AIversefullstack - 6.3 - editable\backend\venv\Lib\site-packages\rest_framework\views.py", line 475, in handle_exception
    self.raise_uncaught_exception(exc)
    ~~~~~~~~~~~~~~~~~~~~~~~~~~~~~^^^^^
  File "C:\Users\Crist\Desktop\AIversefullstack - 6.3 - editable\backend\venv\Lib\site-packages\rest_framework\views.py", line 486, in raise_uncaught_exception
    raise exc
  File "C:\Users\Crist\Desktop\AIversefullstack - 6.3 - editable\backend\venv\Lib\site-packages\rest_framework\views.py", line 512, in dispatch
    response = handler(request, *args, **kwargs)
  File "C:\Users\Crist\Desktop\AIversefullstack - 6.3 - editable\backend\prompts\views.py", line 58, in increment_view
    prompt.views = models.F('views') + 1
                   ^^^^^^
NameError: name 'models' is not defined
ERROR 2025-11-22 16:03:47,941 log Internal Server Error: /api/blogs/test/increment_view/
Traceback (most recent call last):
  File "C:\Users\Crist\Desktop\AIversefullstack - 6.3 - editable\backend\venv\Lib\site-packages\django\core\handlers\exception.py", line 55, in inner
    response = get_response(request)
  File "C:\Users\Crist\Desktop\AIversefullstack - 6.3 - editable\backend\venv\Lib\site-packages\django\core\handlers\base.py", line 197, in _get_response
    response = wrapped_callback(request, *callback_args, **callback_kwargs)
  File "C:\Users\Crist\Desktop\AIversefullstack - 6.3 - editable\backend\venv\Lib\site-packages\django\views\decorators\csrf.py", line 65, in _view_wrapper
    return view_func(request, *args, **kwargs)
  File "C:\Users\Crist\Desktop\AIversefullstack - 6.3 - editable\backend\venv\Lib\site-packages\rest_framework\viewsets.py", line 125, in view
    return self.dispatch(request, *args, **kwargs)
           ~~~~~~~~~~~~~^^^^^^^^^^^^^^^^^^^^^^^^^^
  File "C:\Users\Crist\Desktop\AIversefullstack - 6.3 - editable\backend\venv\Lib\site-packages\rest_framework\views.py", line 515, in dispatch
    response = self.handle_exception(exc)
  File "C:\Users\Crist\Desktop\AIversefullstack - 6.3 - editable\backend\venv\Lib\site-packages\rest_framework\views.py", line 475, in handle_exception
    self.raise_uncaught_exception(exc)
    ~~~~~~~~~~~~~~~~~~~~~~~~~~~~~^^^^^
  File "C:\Users\Crist\Desktop\AIversefullstack - 6.3 - editable\backend\venv\Lib\site-packages\rest_framework\views.py", line 486, in raise_uncaught_exception
    raise exc
  File "C:\Users\Crist\Desktop\AIversefullstack - 6.3 - editable\backend\venv\Lib\site-packages\rest_framework\views.py", line 512, in dispatch
    response = handler(request, *args, **kwargs)
  File "C:\Users\Crist\Desktop\AIversefullstack - 6.3 - editable\backend\content\views.py", line 36, in increment_view
    blog.save(update_fields=['views'])
    ~~~~~~~~~^^^^^^^^^^^^^^^^^^^^^^^^^
  File "C:\Users\Crist\Desktop\AIversefullstack - 6.3 - editable\backend\content\models.py", line 48, in save
    super().save(*args, **kwargs)
    ~~~~~~~~~~~~^^^^^^^^^^^^^^^^^
  File "C:\Users\Crist\Desktop\AIversefullstack - 6.3 - editable\backend\venv\Lib\site-packages\django\db\models\base.py", line 880, in save
    raise ValueError(
    ...<3 lines>...
    )
ValueError: The following fields do not exist in this model, are m2m fields, primary keys, or are non-concrete fields: views
ERROR 2025-11-22 16:03:47,941 log Internal Server Error: /api/blogs/test/increment_view/
Traceback (most recent call last):
  File "C:\Users\Crist\Desktop\AIversefullstack - 6.3 - editable\backend\venv\Lib\site-packages\django\core\handlers\exception.py", line 55, in inner
    response = get_response(request)
  File "C:\Users\Crist\Desktop\AIversefullstack - 6.3 - editable\backend\venv\Lib\site-packages\django\core\handlers\base.py", line 197, in _get_response
    response = wrapped_callback(request, *callback_args, **callback_kwargs)
  File "C:\Users\Crist\Desktop\AIversefullstack - 6.3 - editable\backend\venv\Lib\site-packages\django\views\decorators\csrf.py", line 65, in _view_wrapper
    return view_func(request, *args, **kwargs)
  File "C:\Users\Crist\Desktop\AIversefullstack - 6.3 - editable\backend\venv\Lib\site-packages\rest_framework\viewsets.py", line 125, in view
    return self.dispatch(request, *args, **kwargs)
           ~~~~~~~~~~~~~^^^^^^^^^^^^^^^^^^^^^^^^^^
  File "C:\Users\Crist\Desktop\AIversefullstack - 6.3 - editable\backend\venv\Lib\site-packages\rest_framework\views.py", line 515, in dispatch
    response = self.handle_exception(exc)
  File "C:\Users\Crist\Desktop\AIversefullstack - 6.3 - editable\backend\venv\Lib\site-packages\rest_framework\views.py", line 475, in handle_exception
    self.raise_uncaught_exception(exc)
    ~~~~~~~~~~~~~~~~~~~~~~~~~~~~~^^^^^
  File "C:\Users\Crist\Desktop\AIversefullstack - 6.3 - editable\backend\venv\Lib\site-packages\rest_framework\views.py", line 486, in raise_uncaught_exception
    raise exc
  File "C:\Users\Crist\Desktop\AIversefullstack - 6.3 - editable\backend\venv\Lib\site-packages\rest_framework\views.py", line 512, in dispatch
    response = handler(request, *args, **kwargs)
  File "C:\Users\Crist\Desktop\AIversefullstack - 6.3 - editable\backend\content\views.py", line 36, in increment_view
    blog.save(update_fields=['views'])
    ~~~~~~~~~^^^^^^^^^^^^^^^^^^^^^^^^^
  File "C:\Users\Crist\Desktop\AIversefullstack - 6.3 - editable\backend\content\models.py", line 48, in save
    super().save(*args, **kwargs)
    ~~~~~~~~~~~~^^^^^^^^^^^^^^^^^
  File "C:\Users\Crist\Desktop\AIversefullstack - 6.3 - editable\backend\venv\Lib\site-packages\django\db\models\base.py", line 880, in save
    raise ValueError(
    ...<3 lines>...
    )
ValueError: The following fields do not exist in this model, are m2m fields, primary keys, or are non-concrete fields: views
ERROR 2025-11-22 16:03:54,945 log Internal Server Error: /api/blogs/test/increment_view/
Traceback (most recent call last):
  File "C:\Users\Crist\Desktop\AIversefullstack - 6.3 - editable\backend\venv\Lib\site-packages\django\core\handlers\exception.py", line 55, in inner
    response = get_response(request)
  File "C:\Users\Crist\Desktop\AIversefullstack - 6.3 - editable\backend\venv\Lib\site-packages\django\core\handlers\base.py", line 197, in _get_response
    response = wrapped_callback(request, *callback_args, **callback_kwargs)
  File "C:\Users\Crist\Desktop\AIversefullstack - 6.3 - editable\backend\venv\Lib\site-packages\django\views\decorators\csrf.py", line 65, in _view_wrapper
    return view_func(request, *args, **kwargs)
  File "C:\Users\Crist\Desktop\AIversefullstack - 6.3 - editable\backend\venv\Lib\site-packages\rest_framework\viewsets.py", line 125, in view
    return self.dispatch(request, *args, **kwargs)
           ~~~~~~~~~~~~~^^^^^^^^^^^^^^^^^^^^^^^^^^
  File "C:\Users\Crist\Desktop\AIversefullstack - 6.3 - editable\backend\venv\Lib\site-packages\rest_framework\views.py", line 515, in dispatch
    response = self.handle_exception(exc)
  File "C:\Users\Crist\Desktop\AIversefullstack - 6.3 - editable\backend\venv\Lib\site-packages\rest_framework\views.py", line 475, in handle_exception
    self.raise_uncaught_exception(exc)
    ~~~~~~~~~~~~~~~~~~~~~~~~~~~~~^^^^^
  File "C:\Users\Crist\Desktop\AIversefullstack - 6.3 - editable\backend\venv\Lib\site-packages\rest_framework\views.py", line 486, in raise_uncaught_exception
    raise exc
  File "C:\Users\Crist\Desktop\AIversefullstack - 6.3 - editable\backend\venv\Lib\site-packages\rest_framework\views.py", line 512, in dispatch
    response = handler(request, *args, **kwargs)
  File "C:\Users\Crist\Desktop\AIversefullstack - 6.3 - editable\backend\content\views.py", line 36, in increment_view
    blog.save(update_fields=['views'])
    ~~~~~~~~~^^^^^^^^^^^^^^^^^^^^^^^^^
  File "C:\Users\Crist\Desktop\AIversefullstack - 6.3 - editable\backend\content\models.py", line 48, in save
    super().save(*args, **kwargs)
    ~~~~~~~~~~~~^^^^^^^^^^^^^^^^^
  File "C:\Users\Crist\Desktop\AIversefullstack - 6.3 - editable\backend\venv\Lib\site-packages\django\db\models\base.py", line 880, in save
    raise ValueError(
    ...<3 lines>...
    )
ValueError: The following fields do not exist in this model, are m2m fields, primary keys, or are non-concrete fields: views
ERROR 2025-11-22 16:03:54,955 log Internal Server Error: /api/blogs/test/increment_view/
Traceback (most recent call last):
  File "C:\Users\Crist\Desktop\AIversefullstack - 6.3 - editable\backend\venv\Lib\site-packages\django\core\handlers\exception.py", line 55, in inner
    response = get_response(request)
  File "C:\Users\Crist\Desktop\AIversefullstack - 6.3 - editable\backend\venv\Lib\site-packages\django\core\handlers\base.py", line 197, in _get_response
    response = wrapped_callback(request, *callback_args, **callback_kwargs)
  File "C:\Users\Crist\Desktop\AIversefullstack - 6.3 - editable\backend\venv\Lib\site-packages\django\views\decorators\csrf.py", line 65, in _view_wrapper
    return view_func(request, *args, **kwargs)
  File "C:\Users\Crist\Desktop\AIversefullstack - 6.3 - editable\backend\venv\Lib\site-packages\rest_framework\viewsets.py", line 125, in view
    return self.dispatch(request, *args, **kwargs)
           ~~~~~~~~~~~~~^^^^^^^^^^^^^^^^^^^^^^^^^^
  File "C:\Users\Crist\Desktop\AIversefullstack - 6.3 - editable\backend\venv\Lib\site-packages\rest_framework\views.py", line 515, in dispatch
    response = self.handle_exception(exc)
  File "C:\Users\Crist\Desktop\AIversefullstack - 6.3 - editable\backend\venv\Lib\site-packages\rest_framework\views.py", line 475, in handle_exception
    self.raise_uncaught_exception(exc)
    ~~~~~~~~~~~~~~~~~~~~~~~~~~~~~^^^^^
  File "C:\Users\Crist\Desktop\AIversefullstack - 6.3 - editable\backend\venv\Lib\site-packages\rest_framework\views.py", line 486, in raise_uncaught_exception
    raise exc
  File "C:\Users\Crist\Desktop\AIversefullstack - 6.3 - editable\backend\venv\Lib\site-packages\rest_framework\views.py", line 512, in dispatch
    response = handler(request, *args, **kwargs)
  File "C:\Users\Crist\Desktop\AIversefullstack - 6.3 - editable\backend\content\views.py", line 36, in increment_view
    blog.save(update_fields=['views'])
    ~~~~~~~~~^^^^^^^^^^^^^^^^^^^^^^^^^
  File "C:\Users\Crist\Desktop\AIversefullstack - 6.3 - editable\backend\content\models.py", line 48, in save
    super().save(*args, **kwargs)
    ~~~~~~~~~~~~^^^^^^^^^^^^^^^^^
  File "C:\Users\Crist\Desktop\AIversefullstack - 6.3 - editable\backend\venv\Lib\site-packages\django\db\models\base.py", line 880, in save
    raise ValueError(
    ...<3 lines>...
    )
ValueError: The following fields do not exist in this model, are m2m fields, primary keys, or are non-concrete fields: views
ERROR 2025-11-22 16:04:50,890 log Internal Server Error: /api/blogs/test/increment_view/
Traceback (most recent call last):
  File "C:\Users\Crist\Desktop\AIversefullstack - 6.3 - editable\backend\venv\Lib\site-packages\django\core\handlers\exception.py", line 55, in inner
    response = get_response(request)
  File "C:\Users\Crist\Desktop\AIversefullstack - 6.3 - editable\backend\venv\Lib\site-packages\django\core\handlers\base.py", line 197, in _get_response
    response = wrapped_callback(request, *callback_args, **callback_kwargs)
  File "C:\Users\Crist\Desktop\AIversefullstack - 6.3 - editable\backend\venv\Lib\site-packages\django\views\decorators\csrf.py", line 65, in _view_wrapper
    return view_func(request, *args, **kwargs)
  File "C:\Users\Crist\Desktop\AIversefullstack - 6.3 - editable\backend\venv\Lib\site-packages\rest_framework\viewsets.py", line 125, in view
    return self.dispatch(request, *args, **kwargs)
           ~~~~~~~~~~~~~^^^^^^^^^^^^^^^^^^^^^^^^^^
  File "C:\Users\Crist\Desktop\AIversefullstack - 6.3 - editable\backend\venv\Lib\site-packages\rest_framework\views.py", line 515, in dispatch
    response = self.handle_exception(exc)
  File "C:\Users\Crist\Desktop\AIversefullstack - 6.3 - editable\backend\venv\Lib\site-packages\rest_framework\views.py", line 475, in handle_exception
    self.raise_uncaught_exception(exc)
    ~~~~~~~~~~~~~~~~~~~~~~~~~~~~~^^^^^
  File "C:\Users\Crist\Desktop\AIversefullstack - 6.3 - editable\backend\venv\Lib\site-packages\rest_framework\views.py", line 486, in raise_uncaught_exception
    raise exc
  File "C:\Users\Crist\Desktop\AIversefullstack - 6.3 - editable\backend\venv\Lib\site-packages\rest_framework\views.py", line 512, in dispatch
    response = handler(request, *args, **kwargs)
  File "C:\Users\Crist\Desktop\AIversefullstack - 6.3 - editable\backend\content\views.py", line 36, in increment_view
    blog.save(update_fields=['views'])
    ~~~~~~~~~^^^^^^^^^^^^^^^^^^^^^^^^^
  File "C:\Users\Crist\Desktop\AIversefullstack - 6.3 - editable\backend\content\models.py", line 48, in save
    super().save(*args, **kwargs)
    ~~~~~~~~~~~~^^^^^^^^^^^^^^^^^
  File "C:\Users\Crist\Desktop\AIversefullstack - 6.3 - editable\backend\venv\Lib\site-packages\django\db\models\base.py", line 880, in save
    raise ValueError(
    ...<3 lines>...
    )
ValueError: The following fields do not exist in this model, are m2m fields, primary keys, or are non-concrete fields: views
ERROR 2025-11-22 16:04:50,902 log Internal Server Error: /api/blogs/test/increment_view/
Traceback (most recent call last):
  File "C:\Users\Crist\Desktop\AIversefullstack - 6.3 - editable\backend\venv\Lib\site-packages\django\core\handlers\exception.py", line 55, in inner
    response = get_response(request)
  File "C:\Users\Crist\Desktop\AIversefullstack - 6.3 - editable\backend\venv\Lib\site-packages\django\core\handlers\base.py", line 197, in _get_response
    response = wrapped_callback(request, *callback_args, **callback_kwargs)
  File "C:\Users\Crist\Desktop\AIversefullstack - 6.3 - editable\backend\venv\Lib\site-packages\django\views\decorators\csrf.py", line 65, in _view_wrapper
    return view_func(request, *args, **kwargs)
  File "C:\Users\Crist\Desktop\AIversefullstack - 6.3 - editable\backend\venv\Lib\site-packages\rest_framework\viewsets.py", line 125, in view
    return self.dispatch(request, *args, **kwargs)
           ~~~~~~~~~~~~~^^^^^^^^^^^^^^^^^^^^^^^^^^
  File "C:\Users\Crist\Desktop\AIversefullstack - 6.3 - editable\backend\venv\Lib\site-packages\rest_framework\views.py", line 515, in dispatch
    response = self.handle_exception(exc)
  File "C:\Users\Crist\Desktop\AIversefullstack - 6.3 - editable\backend\venv\Lib\site-packages\rest_framework\views.py", line 475, in handle_exception
    self.raise_uncaught_exception(exc)
    ~~~~~~~~~~~~~~~~~~~~~~~~~~~~~^^^^^
  File "C:\Users\Crist\Desktop\AIversefullstack - 6.3 - editable\backend\venv\Lib\site-packages\rest_framework\views.py", line 486, in raise_uncaught_exception
    raise exc
  File "C:\Users\Crist\Desktop\AIversefullstack - 6.3 - editable\backend\venv\Lib\site-packages\rest_framework\views.py", line 512, in dispatch
    response = handler(request, *args, **kwargs)
  File "C:\Users\Crist\Desktop\AIversefullstack - 6.3 - editable\backend\content\views.py", line 36, in increment_view
    blog.save(update_fields=['views'])
    ~~~~~~~~~^^^^^^^^^^^^^^^^^^^^^^^^^
  File "C:\Users\Crist\Desktop\AIversefullstack - 6.3 - editable\backend\content\models.py", line 48, in save
    super().save(*args, **kwargs)
    ~~~~~~~~~~~~^^^^^^^^^^^^^^^^^
  File "C:\Users\Crist\Desktop\AIversefullstack - 6.3 - editable\backend\venv\Lib\site-packages\django\db\models\base.py", line 880, in save
    raise ValueError(
    ...<3 lines>...
    )
ValueError: The following fields do not exist in this model, are m2m fields, primary keys, or are non-concrete fields: views
ERROR 2025-11-22 16:04:57,906 log Internal Server Error: /api/blogs/test/increment_view/
Traceback (most recent call last):
  File "C:\Users\Crist\Desktop\AIversefullstack - 6.3 - editable\backend\venv\Lib\site-packages\django\core\handlers\exception.py", line 55, in inner
    response = get_response(request)
  File "C:\Users\Crist\Desktop\AIversefullstack - 6.3 - editable\backend\venv\Lib\site-packages\django\core\handlers\base.py", line 197, in _get_response
    response = wrapped_callback(request, *callback_args, **callback_kwargs)
  File "C:\Users\Crist\Desktop\AIversefullstack - 6.3 - editable\backend\venv\Lib\site-packages\django\views\decorators\csrf.py", line 65, in _view_wrapper
    return view_func(request, *args, **kwargs)
  File "C:\Users\Crist\Desktop\AIversefullstack - 6.3 - editable\backend\venv\Lib\site-packages\rest_framework\viewsets.py", line 125, in view
    return self.dispatch(request, *args, **kwargs)
           ~~~~~~~~~~~~~^^^^^^^^^^^^^^^^^^^^^^^^^^
  File "C:\Users\Crist\Desktop\AIversefullstack - 6.3 - editable\backend\venv\Lib\site-packages\rest_framework\views.py", line 515, in dispatch
    response = self.handle_exception(exc)
  File "C:\Users\Crist\Desktop\AIversefullstack - 6.3 - editable\backend\venv\Lib\site-packages\rest_framework\views.py", line 475, in handle_exception
    self.raise_uncaught_exception(exc)
    ~~~~~~~~~~~~~~~~~~~~~~~~~~~~~^^^^^
  File "C:\Users\Crist\Desktop\AIversefullstack - 6.3 - editable\backend\venv\Lib\site-packages\rest_framework\views.py", line 486, in raise_uncaught_exception
    raise exc
  File "C:\Users\Crist\Desktop\AIversefullstack - 6.3 - editable\backend\venv\Lib\site-packages\rest_framework\views.py", line 512, in dispatch
    response = handler(request, *args, **kwargs)
  File "C:\Users\Crist\Desktop\AIversefullstack - 6.3 - editable\backend\content\views.py", line 36, in increment_view
    blog.save(update_fields=['views'])
    ~~~~~~~~~^^^^^^^^^^^^^^^^^^^^^^^^^
  File "C:\Users\Crist\Desktop\AIversefullstack - 6.3 - editable\backend\content\models.py", line 48, in save
    super().save(*args, **kwargs)
    ~~~~~~~~~~~~^^^^^^^^^^^^^^^^^
  File "C:\Users\Crist\Desktop\AIversefullstack - 6.3 - editable\backend\venv\Lib\site-packages\django\db\models\base.py", line 880, in save
    raise ValueError(
    ...<3 lines>...
    )
ValueError: The following fields do not exist in this model, are m2m fields, primary keys, or are non-concrete fields: views
ERROR 2025-11-22 16:04:57,917 log Internal Server Error: /api/blogs/test/increment_view/
Traceback (most recent call last):
  File "C:\Users\Crist\Desktop\AIversefullstack - 6.3 - editable\backend\venv\Lib\site-packages\django\core\handlers\exception.py", line 55, in inner
    response = get_response(request)
  File "C:\Users\Crist\Desktop\AIversefullstack - 6.3 - editable\backend\venv\Lib\site-packages\django\core\handlers\base.py", line 197, in _get_response
    response = wrapped_callback(request, *callback_args, **callback_kwargs)
  File "C:\Users\Crist\Desktop\AIversefullstack - 6.3 - editable\backend\venv\Lib\site-packages\django\views\decorators\csrf.py", line 65, in _view_wrapper
    return view_func(request, *args, **kwargs)
  File "C:\Users\Crist\Desktop\AIversefullstack - 6.3 - editable\backend\venv\Lib\site-packages\rest_framework\viewsets.py", line 125, in view
    return self.dispatch(request, *args, **kwargs)
           ~~~~~~~~~~~~~^^^^^^^^^^^^^^^^^^^^^^^^^^
  File "C:\Users\Crist\Desktop\AIversefullstack - 6.3 - editable\backend\venv\Lib\site-packages\rest_framework\views.py", line 515, in dispatch
    response = self.handle_exception(exc)
  File "C:\Users\Crist\Desktop\AIversefullstack - 6.3 - editable\backend\venv\Lib\site-packages\rest_framework\views.py", line 475, in handle_exception
    self.raise_uncaught_exception(exc)
    ~~~~~~~~~~~~~~~~~~~~~~~~~~~~~^^^^^
  File "C:\Users\Crist\Desktop\AIversefullstack - 6.3 - editable\backend\venv\Lib\site-packages\rest_framework\views.py", line 486, in raise_uncaught_exception
    raise exc
  File "C:\Users\Crist\Desktop\AIversefullstack - 6.3 - editable\backend\venv\Lib\site-packages\rest_framework\views.py", line 512, in dispatch
    response = handler(request, *args, **kwargs)
  File "C:\Users\Crist\Desktop\AIversefullstack - 6.3 - editable\backend\content\views.py", line 36, in increment_view
    blog.save(update_fields=['views'])
    ~~~~~~~~~^^^^^^^^^^^^^^^^^^^^^^^^^
  File "C:\Users\Crist\Desktop\AIversefullstack - 6.3 - editable\backend\content\models.py", line 48, in save
    super().save(*args, **kwargs)
    ~~~~~~~~~~~~^^^^^^^^^^^^^^^^^
  File "C:\Users\Crist\Desktop\AIversefullstack - 6.3 - editable\backend\venv\Lib\site-packages\django\db\models\base.py", line 880, in save
    raise ValueError(
    ...<3 lines>...
    )
ValueError: The following fields do not exist in this model, are m2m fields, primary keys, or are non-concrete fields: views
ERROR 2025-11-22 16:05:00,926 log Internal Server Error: /api/blogs/test/increment_view/
Traceback (most recent call last):
  File "C:\Users\Crist\Desktop\AIversefullstack - 6.3 - editable\backend\venv\Lib\site-packages\django\core\handlers\exception.py", line 55, in inner
    response = get_response(request)
  File "C:\Users\Crist\Desktop\AIversefullstack - 6.3 - editable\backend\venv\Lib\site-packages\django\core\handlers\base.py", line 197, in _get_response
    response = wrapped_callback(request, *callback_args, **callback_kwargs)
  File "C:\Users\Crist\Desktop\AIversefullstack - 6.3 - editable\backend\venv\Lib\site-packages\django\views\decorators\csrf.py", line 65, in _view_wrapper
    return view_func(request, *args, **kwargs)
  File "C:\Users\Crist\Desktop\AIversefullstack - 6.3 - editable\backend\venv\Lib\site-packages\rest_framework\viewsets.py", line 125, in view
    return self.dispatch(request, *args, **kwargs)
           ~~~~~~~~~~~~~^^^^^^^^^^^^^^^^^^^^^^^^^^
  File "C:\Users\Crist\Desktop\AIversefullstack - 6.3 - editable\backend\venv\Lib\site-packages\rest_framework\views.py", line 515, in dispatch
    response = self.handle_exception(exc)
  File "C:\Users\Crist\Desktop\AIversefullstack - 6.3 - editable\backend\venv\Lib\site-packages\rest_framework\views.py", line 475, in handle_exception
    self.raise_uncaught_exception(exc)
    ~~~~~~~~~~~~~~~~~~~~~~~~~~~~~^^^^^
  File "C:\Users\Crist\Desktop\AIversefullstack - 6.3 - editable\backend\venv\Lib\site-packages\rest_framework\views.py", line 486, in raise_uncaught_exception
    raise exc
  File "C:\Users\Crist\Desktop\AIversefullstack - 6.3 - editable\backend\venv\Lib\site-packages\rest_framework\views.py", line 512, in dispatch
    response = handler(request, *args, **kwargs)
  File "C:\Users\Crist\Desktop\AIversefullstack - 6.3 - editable\backend\content\views.py", line 36, in increment_view
    blog.save(update_fields=['views'])
    ~~~~~~~~~^^^^^^^^^^^^^^^^^^^^^^^^^
  File "C:\Users\Crist\Desktop\AIversefullstack - 6.3 - editable\backend\content\models.py", line 48, in save
    super().save(*args, **kwargs)
    ~~~~~~~~~~~~^^^^^^^^^^^^^^^^^
  File "C:\Users\Crist\Desktop\AIversefullstack - 6.3 - editable\backend\venv\Lib\site-packages\django\db\models\base.py", line 880, in save
    raise ValueError(
    ...<3 lines>...
    )
ValueError: The following fields do not exist in this model, are m2m fields, primary keys, or are non-concrete fields: views
ERROR 2025-11-22 16:05:00,935 log Internal Server Error: /api/blogs/test/increment_view/
Traceback (most recent call last):
  File "C:\Users\Crist\Desktop\AIversefullstack - 6.3 - editable\backend\venv\Lib\site-packages\django\core\handlers\exception.py", line 55, in inner
    response = get_response(request)
  File "C:\Users\Crist\Desktop\AIversefullstack - 6.3 - editable\backend\venv\Lib\site-packages\django\core\handlers\base.py", line 197, in _get_response
    response = wrapped_callback(request, *callback_args, **callback_kwargs)
  File "C:\Users\Crist\Desktop\AIversefullstack - 6.3 - editable\backend\venv\Lib\site-packages\django\views\decorators\csrf.py", line 65, in _view_wrapper
    return view_func(request, *args, **kwargs)
  File "C:\Users\Crist\Desktop\AIversefullstack - 6.3 - editable\backend\venv\Lib\site-packages\rest_framework\viewsets.py", line 125, in view
    return self.dispatch(request, *args, **kwargs)
           ~~~~~~~~~~~~~^^^^^^^^^^^^^^^^^^^^^^^^^^
  File "C:\Users\Crist\Desktop\AIversefullstack - 6.3 - editable\backend\venv\Lib\site-packages\rest_framework\views.py", line 515, in dispatch
    response = self.handle_exception(exc)
  File "C:\Users\Crist\Desktop\AIversefullstack - 6.3 - editable\backend\venv\Lib\site-packages\rest_framework\views.py", line 475, in handle_exception
    self.raise_uncaught_exception(exc)
    ~~~~~~~~~~~~~~~~~~~~~~~~~~~~~^^^^^
  File "C:\Users\Crist\Desktop\AIversefullstack - 6.3 - editable\backend\venv\Lib\site-packages\rest_framework\views.py", line 486, in raise_uncaught_exception
    raise exc
  File "C:\Users\Crist\Desktop\AIversefullstack - 6.3 - editable\backend\venv\Lib\site-packages\rest_framework\views.py", line 512, in dispatch
    response = handler(request, *args, **kwargs)
  File "C:\Users\Crist\Desktop\AIversefullstack - 6.3 - editable\backend\content\views.py", line 36, in increment_view
    blog.save(update_fields=['views'])
    ~~~~~~~~~^^^^^^^^^^^^^^^^^^^^^^^^^
  File "C:\Users\Crist\Desktop\AIversefullstack - 6.3 - editable\backend\content\models.py", line 48, in save
    super().save(*args, **kwargs)
    ~~~~~~~~~~~~^^^^^^^^^^^^^^^^^
  File "C:\Users\Crist\Desktop\AIversefullstack - 6.3 - editable\backend\venv\Lib\site-packages\django\db\models\base.py", line 880, in save
    raise ValueError(
    ...<3 lines>...
    )
ValueError: The following fields do not exist in this model, are m2m fields, primary keys, or are non-concrete fields: views
ERROR 2025-11-22 16:05:07,956 log Internal Server Error: /api/blogs/test/increment_view/
Traceback (most recent call last):
  File "C:\Users\Crist\Desktop\AIversefullstack - 6.3 - editable\backend\venv\Lib\site-packages\django\core\handlers\exception.py", line 55, in inner
    response = get_response(request)
  File "C:\Users\Crist\Desktop\AIversefullstack - 6.3 - editable\backend\venv\Lib\site-packages\django\core\handlers\base.py", line 197, in _get_response
    response = wrapped_callback(request, *callback_args, **callback_kwargs)
  File "C:\Users\Crist\Desktop\AIversefullstack - 6.3 - editable\backend\venv\Lib\site-packages\django\views\decorators\csrf.py", line 65, in _view_wrapper
    return view_func(request, *args, **kwargs)
  File "C:\Users\Crist\Desktop\AIversefullstack - 6.3 - editable\backend\venv\Lib\site-packages\rest_framework\viewsets.py", line 125, in view
    return self.dispatch(request, *args, **kwargs)
           ~~~~~~~~~~~~~^^^^^^^^^^^^^^^^^^^^^^^^^^
  File "C:\Users\Crist\Desktop\AIversefullstack - 6.3 - editable\backend\venv\Lib\site-packages\rest_framework\views.py", line 515, in dispatch
    response = self.handle_exception(exc)
  File "C:\Users\Crist\Desktop\AIversefullstack - 6.3 - editable\backend\venv\Lib\site-packages\rest_framework\views.py", line 475, in handle_exception
    self.raise_uncaught_exception(exc)
    ~~~~~~~~~~~~~~~~~~~~~~~~~~~~~^^^^^
  File "C:\Users\Crist\Desktop\AIversefullstack - 6.3 - editable\backend\venv\Lib\site-packages\rest_framework\views.py", line 486, in raise_uncaught_exception
    raise exc
  File "C:\Users\Crist\Desktop\AIversefullstack - 6.3 - editable\backend\venv\Lib\site-packages\rest_framework\views.py", line 512, in dispatch
    response = handler(request, *args, **kwargs)
  File "C:\Users\Crist\Desktop\AIversefullstack - 6.3 - editable\backend\content\views.py", line 36, in increment_view
    blog.save(update_fields=['views'])
    ~~~~~~~~~^^^^^^^^^^^^^^^^^^^^^^^^^
  File "C:\Users\Crist\Desktop\AIversefullstack - 6.3 - editable\backend\content\models.py", line 48, in save
    super().save(*args, **kwargs)
    ~~~~~~~~~~~~^^^^^^^^^^^^^^^^^
  File "C:\Users\Crist\Desktop\AIversefullstack - 6.3 - editable\backend\venv\Lib\site-packages\django\db\models\base.py", line 880, in save
    raise ValueError(
    ...<3 lines>...
    )
ValueError: The following fields do not exist in this model, are m2m fields, primary keys, or are non-concrete fields: views
ERROR 2025-11-22 16:05:07,966 log Internal Server Error: /api/blogs/test/increment_view/
Traceback (most recent call last):
  File "C:\Users\Crist\Desktop\AIversefullstack - 6.3 - editable\backend\venv\Lib\site-packages\django\core\handlers\exception.py", line 55, in inner
    response = get_response(request)
  File "C:\Users\Crist\Desktop\AIversefullstack - 6.3 - editable\backend\venv\Lib\site-packages\django\core\handlers\base.py", line 197, in _get_response
    response = wrapped_callback(request, *callback_args, **callback_kwargs)
  File "C:\Users\Crist\Desktop\AIversefullstack - 6.3 - editable\backend\venv\Lib\site-packages\django\views\decorators\csrf.py", line 65, in _view_wrapper
    return view_func(request, *args, **kwargs)
  File "C:\Users\Crist\Desktop\AIversefullstack - 6.3 - editable\backend\venv\Lib\site-packages\rest_framework\viewsets.py", line 125, in view
    return self.dispatch(request, *args, **kwargs)
           ~~~~~~~~~~~~~^^^^^^^^^^^^^^^^^^^^^^^^^^
  File "C:\Users\Crist\Desktop\AIversefullstack - 6.3 - editable\backend\venv\Lib\site-packages\rest_framework\views.py", line 515, in dispatch
    response = self.handle_exception(exc)
  File "C:\Users\Crist\Desktop\AIversefullstack - 6.3 - editable\backend\venv\Lib\site-packages\rest_framework\views.py", line 475, in handle_exception
    self.raise_uncaught_exception(exc)
    ~~~~~~~~~~~~~~~~~~~~~~~~~~~~~^^^^^
  File "C:\Users\Crist\Desktop\AIversefullstack - 6.3 - editable\backend\venv\Lib\site-packages\rest_framework\views.py", line 486, in raise_uncaught_exception
    raise exc
  File "C:\Users\Crist\Desktop\AIversefullstack - 6.3 - editable\backend\venv\Lib\site-packages\rest_framework\views.py", line 512, in dispatch
    response = handler(request, *args, **kwargs)
  File "C:\Users\Crist\Desktop\AIversefullstack - 6.3 - editable\backend\content\views.py", line 36, in increment_view
    blog.save(update_fields=['views'])
    ~~~~~~~~~^^^^^^^^^^^^^^^^^^^^^^^^^
  File "C:\Users\Crist\Desktop\AIversefullstack - 6.3 - editable\backend\content\models.py", line 48, in save
    super().save(*args, **kwargs)
    ~~~~~~~~~~~~^^^^^^^^^^^^^^^^^
  File "C:\Users\Crist\Desktop\AIversefullstack - 6.3 - editable\backend\venv\Lib\site-packages\django\db\models\base.py", line 880, in save
    raise ValueError(
    ...<3 lines>...
    )
ValueError: The following fields do not exist in this model, are m2m fields, primary keys, or are non-concrete fields: views
ERROR 2025-11-22 16:05:25,673 log Internal Server Error: /api/blogs/test/increment_view/
Traceback (most recent call last):
  File "C:\Users\Crist\Desktop\AIversefullstack - 6.3 - editable\backend\venv\Lib\site-packages\django\core\handlers\exception.py", line 55, in inner
    response = get_response(request)
  File "C:\Users\Crist\Desktop\AIversefullstack - 6.3 - editable\backend\venv\Lib\site-packages\django\core\handlers\base.py", line 197, in _get_response
    response = wrapped_callback(request, *callback_args, **callback_kwargs)
  File "C:\Users\Crist\Desktop\AIversefullstack - 6.3 - editable\backend\venv\Lib\site-packages\django\views\decorators\csrf.py", line 65, in _view_wrapper
    return view_func(request, *args, **kwargs)
  File "C:\Users\Crist\Desktop\AIversefullstack - 6.3 - editable\backend\venv\Lib\site-packages\rest_framework\viewsets.py", line 125, in view
    return self.dispatch(request, *args, **kwargs)
           ~~~~~~~~~~~~~^^^^^^^^^^^^^^^^^^^^^^^^^^
  File "C:\Users\Crist\Desktop\AIversefullstack - 6.3 - editable\backend\venv\Lib\site-packages\rest_framework\views.py", line 515, in dispatch
    response = self.handle_exception(exc)
  File "C:\Users\Crist\Desktop\AIversefullstack - 6.3 - editable\backend\venv\Lib\site-packages\rest_framework\views.py", line 475, in handle_exception
    self.raise_uncaught_exception(exc)
    ~~~~~~~~~~~~~~~~~~~~~~~~~~~~~^^^^^
  File "C:\Users\Crist\Desktop\AIversefullstack - 6.3 - editable\backend\venv\Lib\site-packages\rest_framework\views.py", line 486, in raise_uncaught_exception
    raise exc
  File "C:\Users\Crist\Desktop\AIversefullstack - 6.3 - editable\backend\venv\Lib\site-packages\rest_framework\views.py", line 512, in dispatch
    response = handler(request, *args, **kwargs)
  File "C:\Users\Crist\Desktop\AIversefullstack - 6.3 - editable\backend\content\views.py", line 36, in increment_view
    blog.save(update_fields=['views'])
    ~~~~~~~~~^^^^^^^^^^^^^^^^^^^^^^^^^
  File "C:\Users\Crist\Desktop\AIversefullstack - 6.3 - editable\backend\content\models.py", line 48, in save
    super().save(*args, **kwargs)
    ~~~~~~~~~~~~^^^^^^^^^^^^^^^^^
  File "C:\Users\Crist\Desktop\AIversefullstack - 6.3 - editable\backend\venv\Lib\site-packages\django\db\models\base.py", line 880, in save
    raise ValueError(
    ...<3 lines>...
    )
ValueError: The following fields do not exist in this model, are m2m fields, primary keys, or are non-concrete fields: views
ERROR 2025-11-22 16:05:25,761 log Internal Server Error: /api/blogs/test/increment_view/
Traceback (most recent call last):
  File "C:\Users\Crist\Desktop\AIversefullstack - 6.3 - editable\backend\venv\Lib\site-packages\django\core\handlers\exception.py", line 55, in inner
    response = get_response(request)
  File "C:\Users\Crist\Desktop\AIversefullstack - 6.3 - editable\backend\venv\Lib\site-packages\django\core\handlers\base.py", line 197, in _get_response
    response = wrapped_callback(request, *callback_args, **callback_kwargs)
  File "C:\Users\Crist\Desktop\AIversefullstack - 6.3 - editable\backend\venv\Lib\site-packages\django\views\decorators\csrf.py", line 65, in _view_wrapper
    return view_func(request, *args, **kwargs)
  File "C:\Users\Crist\Desktop\AIversefullstack - 6.3 - editable\backend\venv\Lib\site-packages\rest_framework\viewsets.py", line 125, in view
    return self.dispatch(request, *args, **kwargs)
           ~~~~~~~~~~~~~^^^^^^^^^^^^^^^^^^^^^^^^^^
  File "C:\Users\Crist\Desktop\AIversefullstack - 6.3 - editable\backend\venv\Lib\site-packages\rest_framework\views.py", line 515, in dispatch
    response = self.handle_exception(exc)
  File "C:\Users\Crist\Desktop\AIversefullstack - 6.3 - editable\backend\venv\Lib\site-packages\rest_framework\views.py", line 475, in handle_exception
    self.raise_uncaught_exception(exc)
    ~~~~~~~~~~~~~~~~~~~~~~~~~~~~~^^^^^
  File "C:\Users\Crist\Desktop\AIversefullstack - 6.3 - editable\backend\venv\Lib\site-packages\rest_framework\views.py", line 486, in raise_uncaught_exception
    raise exc
  File "C:\Users\Crist\Desktop\AIversefullstack - 6.3 - editable\backend\venv\Lib\site-packages\rest_framework\views.py", line 512, in dispatch
    response = handler(request, *args, **kwargs)
  File "C:\Users\Crist\Desktop\AIversefullstack - 6.3 - editable\backend\content\views.py", line 36, in increment_view
    blog.save(update_fields=['views'])
    ~~~~~~~~~^^^^^^^^^^^^^^^^^^^^^^^^^
  File "C:\Users\Crist\Desktop\AIversefullstack - 6.3 - editable\backend\content\models.py", line 48, in save
    super().save(*args, **kwargs)
    ~~~~~~~~~~~~^^^^^^^^^^^^^^^^^
  File "C:\Users\Crist\Desktop\AIversefullstack - 6.3 - editable\backend\venv\Lib\site-packages\django\db\models\base.py", line 880, in save
    raise ValueError(
    ...<3 lines>...
    )
ValueError: The following fields do not exist in this model, are m2m fields, primary keys, or are non-concrete fields: views
ERROR 2025-11-22 16:21:23,456 log Internal Server Error: /api/blogs/test/increment_view/
Traceback (most recent call last):
  File "C:\Users\Crist\Desktop\AIversefullstack - 6.3 - editable\backend\venv\Lib\site-packages\django\core\handlers\exception.py", line 55, in inner
    response = get_response(request)
  File "C:\Users\Crist\Desktop\AIversefullstack - 6.3 - editable\backend\venv\Lib\site-packages\django\core\handlers\base.py", line 197, in _get_response
    response = wrapped_callback(request, *callback_args, **callback_kwargs)
  File "C:\Users\Crist\Desktop\AIversefullstack - 6.3 - editable\backend\venv\Lib\site-packages\django\views\decorators\csrf.py", line 65, in _view_wrapper
    return view_func(request, *args, **kwargs)
  File "C:\Users\Crist\Desktop\AIversefullstack - 6.3 - editable\backend\venv\Lib\site-packages\rest_framework\viewsets.py", line 125, in view
    return self.dispatch(request, *args, **kwargs)
           ~~~~~~~~~~~~~^^^^^^^^^^^^^^^^^^^^^^^^^^
  File "C:\Users\Crist\Desktop\AIversefullstack - 6.3 - editable\backend\venv\Lib\site-packages\rest_framework\views.py", line 515, in dispatch
    response = self.handle_exception(exc)
  File "C:\Users\Crist\Desktop\AIversefullstack - 6.3 - editable\backend\venv\Lib\site-packages\rest_framework\views.py", line 475, in handle_exception
    self.raise_uncaught_exception(exc)
    ~~~~~~~~~~~~~~~~~~~~~~~~~~~~~^^^^^
  File "C:\Users\Crist\Desktop\AIversefullstack - 6.3 - editable\backend\venv\Lib\site-packages\rest_framework\views.py", line 486, in raise_uncaught_exception
    raise exc
  File "C:\Users\Crist\Desktop\AIversefullstack - 6.3 - editable\backend\venv\Lib\site-packages\rest_framework\views.py", line 512, in dispatch
    response = handler(request, *args, **kwargs)
  File "C:\Users\Crist\Desktop\AIversefullstack - 6.3 - editable\backend\content\views.py", line 36, in increment_view
    blog.save(update_fields=['views'])
    ~~~~~~~~~^^^^^^^^^^^^^^^^^^^^^^^^^
  File "C:\Users\Crist\Desktop\AIversefullstack - 6.3 - editable\backend\content\models.py", line 48, in save
    super().save(*args, **kwargs)
    ~~~~~~~~~~~~^^^^^^^^^^^^^^^^^
  File "C:\Users\Crist\Desktop\AIversefullstack - 6.3 - editable\backend\venv\Lib\site-packages\django\db\models\base.py", line 880, in save
    raise ValueError(
    ...<3 lines>...
    )
ValueError: The following fields do not exist in this model, are m2m fields, primary keys, or are non-concrete fields: views
ERROR 2025-11-22 16:21:23,495 log Internal Server Error: /api/blogs/test/increment_view/
Traceback (most recent call last):
  File "C:\Users\Crist\Desktop\AIversefullstack - 6.3 - editable\backend\venv\Lib\site-packages\django\core\handlers\exception.py", line 55, in inner
    response = get_response(request)
  File "C:\Users\Crist\Desktop\AIversefullstack - 6.3 - editable\backend\venv\Lib\site-packages\django\core\handlers\base.py", line 197, in _get_response
    response = wrapped_callback(request, *callback_args, **callback_kwargs)
  File "C:\Users\Crist\Desktop\AIversefullstack - 6.3 - editable\backend\venv\Lib\site-packages\django\views\decorators\csrf.py", line 65, in _view_wrapper
    return view_func(request, *args, **kwargs)
  File "C:\Users\Crist\Desktop\AIversefullstack - 6.3 - editable\backend\venv\Lib\site-packages\rest_framework\viewsets.py", line 125, in view
    return self.dispatch(request, *args, **kwargs)
           ~~~~~~~~~~~~~^^^^^^^^^^^^^^^^^^^^^^^^^^
  File "C:\Users\Crist\Desktop\AIversefullstack - 6.3 - editable\backend\venv\Lib\site-packages\rest_framework\views.py", line 515, in dispatch
    response = self.handle_exception(exc)
  File "C:\Users\Crist\Desktop\AIversefullstack - 6.3 - editable\backend\venv\Lib\site-packages\rest_framework\views.py", line 475, in handle_exception
    self.raise_uncaught_exception(exc)
    ~~~~~~~~~~~~~~~~~~~~~~~~~~~~~^^^^^
  File "C:\Users\Crist\Desktop\AIversefullstack - 6.3 - editable\backend\venv\Lib\site-packages\rest_framework\views.py", line 486, in raise_uncaught_exception
    raise exc
  File "C:\Users\Crist\Desktop\AIversefullstack - 6.3 - editable\backend\venv\Lib\site-packages\rest_framework\views.py", line 512, in dispatch
    response = handler(request, *args, **kwargs)
  File "C:\Users\Crist\Desktop\AIversefullstack - 6.3 - editable\backend\content\views.py", line 36, in increment_view
    blog.save(update_fields=['views'])
    ~~~~~~~~~^^^^^^^^^^^^^^^^^^^^^^^^^
  File "C:\Users\Crist\Desktop\AIversefullstack - 6.3 - editable\backend\content\models.py", line 48, in save
    super().save(*args, **kwargs)
    ~~~~~~~~~~~~^^^^^^^^^^^^^^^^^
  File "C:\Users\Crist\Desktop\AIversefullstack - 6.3 - editable\backend\venv\Lib\site-packages\django\db\models\base.py", line 880, in save
    raise ValueError(
    ...<3 lines>...
    )
ValueError: The following fields do not exist in this model, are m2m fields, primary keys, or are non-concrete fields: views
ERROR 2025-11-22 16:28:36,634 log Internal Server Error: /api/blogs/test/increment_view/
Traceback (most recent call last):
  File "C:\Users\Crist\Desktop\AIversefullstack - 6.3 - editable\backend\content\views.py", line 37, in increment_view
    blog.save(update_fields=['views'])
    ~~~~~~~~~^^^^^^^^^^^^^^^^^^^^^^^^^
  File "C:\Users\Crist\Desktop\AIversefullstack - 6.3 - editable\backend\content\models.py", line 48, in save
    super().save(*args, **kwargs)
    ~~~~~~~~~~~~^^^^^^^^^^^^^^^^^
  File "C:\Users\Crist\Desktop\AIversefullstack - 6.3 - editable\backend\venv\Lib\site-packages\django\db\models\base.py", line 880, in save
    raise ValueError(
    ...<3 lines>...
    )
ValueError: The following fields do not exist in this model, are m2m fields, primary keys, or are non-concrete fields: views

During handling of the above exception, another exception occurred:

Traceback (most recent call last):
  File "C:\Users\Crist\Desktop\AIversefullstack - 6.3 - editable\backend\venv\Lib\site-packages\django\core\handlers\exception.py", line 55, in inner
    response = get_response(request)
  File "C:\Users\Crist\Desktop\AIversefullstack - 6.3 - editable\backend\venv\Lib\site-packages\django\core\handlers\base.py", line 197, in _get_response
    response = wrapped_callback(request, *callback_args, **callback_kwargs)
  File "C:\Users\Crist\Desktop\AIversefullstack - 6.3 - editable\backend\venv\Lib\site-packages\django\views\decorators\csrf.py", line 65, in _view_wrapper
    return view_func(request, *args, **kwargs)
  File "C:\Users\Crist\Desktop\AIversefullstack - 6.3 - editable\backend\venv\Lib\site-packages\rest_framework\viewsets.py", line 125, in view
    return self.dispatch(request, *args, **kwargs)
           ~~~~~~~~~~~~~^^^^^^^^^^^^^^^^^^^^^^^^^^
  File "C:\Users\Crist\Desktop\AIversefullstack - 6.3 - editable\backend\venv\Lib\site-packages\rest_framework\views.py", line 515, in dispatch
    response = self.handle_exception(exc)
  File "C:\Users\Crist\Desktop\AIversefullstack - 6.3 - editable\backend\venv\Lib\site-packages\rest_framework\views.py", line 475, in handle_exception
    self.raise_uncaught_exception(exc)
    ~~~~~~~~~~~~~~~~~~~~~~~~~~~~~^^^^^
  File "C:\Users\Crist\Desktop\AIversefullstack - 6.3 - editable\backend\venv\Lib\site-packages\rest_framework\views.py", line 486, in raise_uncaught_exception
    raise exc
  File "C:\Users\Crist\Desktop\AIversefullstack - 6.3 - editable\backend\venv\Lib\site-packages\rest_framework\views.py", line 512, in dispatch
    response = handler(request, *args, **kwargs)
  File "C:\Users\Crist\Desktop\AIversefullstack - 6.3 - editable\backend\content\views.py", line 41, in increment_view
    return Response({'error': str(e)}, status=status.HTTP_500_INTERNAL_SERVER_ERROR)
           ^^^^^^^^
NameError: name 'Response' is not defined
ERROR 2025-11-22 16:28:36,634 log Internal Server Error: /api/blogs/test/increment_view/
Traceback (most recent call last):
  File "C:\Users\Crist\Desktop\AIversefullstack - 6.3 - editable\backend\content\views.py", line 37, in increment_view
    blog.save(update_fields=['views'])
    ~~~~~~~~~^^^^^^^^^^^^^^^^^^^^^^^^^
  File "C:\Users\Crist\Desktop\AIversefullstack - 6.3 - editable\backend\content\models.py", line 48, in save
    super().save(*args, **kwargs)
    ~~~~~~~~~~~~^^^^^^^^^^^^^^^^^
  File "C:\Users\Crist\Desktop\AIversefullstack - 6.3 - editable\backend\venv\Lib\site-packages\django\db\models\base.py", line 880, in save
    raise ValueError(
    ...<3 lines>...
    )
ValueError: The following fields do not exist in this model, are m2m fields, primary keys, or are non-concrete fields: views

During handling of the above exception, another exception occurred:

Traceback (most recent call last):
  File "C:\Users\Crist\Desktop\AIversefullstack - 6.3 - editable\backend\venv\Lib\site-packages\django\core\handlers\exception.py", line 55, in inner
    response = get_response(request)
  File "C:\Users\Crist\Desktop\AIversefullstack - 6.3 - editable\backend\venv\Lib\site-packages\django\core\handlers\base.py", line 197, in _get_response
    response = wrapped_callback(request, *callback_args, **callback_kwargs)
  File "C:\Users\Crist\Desktop\AIversefullstack - 6.3 - editable\backend\venv\Lib\site-packages\django\views\decorators\csrf.py", line 65, in _view_wrapper
    return view_func(request, *args, **kwargs)
  File "C:\Users\Crist\Desktop\AIversefullstack - 6.3 - editable\backend\venv\Lib\site-packages\rest_framework\viewsets.py", line 125, in view
    return self.dispatch(request, *args, **kwargs)
           ~~~~~~~~~~~~~^^^^^^^^^^^^^^^^^^^^^^^^^^
  File "C:\Users\Crist\Desktop\AIversefullstack - 6.3 - editable\backend\venv\Lib\site-packages\rest_framework\views.py", line 515, in dispatch
    response = self.handle_exception(exc)
  File "C:\Users\Crist\Desktop\AIversefullstack - 6.3 - editable\backend\venv\Lib\site-packages\rest_framework\views.py", line 475, in handle_exception
    self.raise_uncaught_exception(exc)
    ~~~~~~~~~~~~~~~~~~~~~~~~~~~~~^^^^^
  File "C:\Users\Crist\Desktop\AIversefullstack - 6.3 - editable\backend\venv\Lib\site-packages\rest_framework\views.py", line 486, in raise_uncaught_exception
    raise exc
  File "C:\Users\Crist\Desktop\AIversefullstack - 6.3 - editable\backend\venv\Lib\site-packages\rest_framework\views.py", line 512, in dispatch
    response = handler(request, *args, **kwargs)
  File "C:\Users\Crist\Desktop\AIversefullstack - 6.3 - editable\backend\content\views.py", line 41, in increment_view
    return Response({'error': str(e)}, status=status.HTTP_500_INTERNAL_SERVER_ERROR)
           ^^^^^^^^
NameError: name 'Response' is not defined
ERROR 2025-11-22 16:30:17,728 log Internal Server Error: /api/blogs/this-the-first-news/increment_view/
Traceback (most recent call last):
  File "C:\Users\Crist\Desktop\AIversefullstack - 6.3 - editable\backend\venv\Lib\site-packages\django\shortcuts.py", line 90, in get_object_or_404
    return queryset.get(*args, **kwargs)
           ~~~~~~~~~~~~^^^^^^^^^^^^^^^^^
  File "C:\Users\Crist\Desktop\AIversefullstack - 6.3 - editable\backend\venv\Lib\site-packages\django\db\models\query.py", line 635, in get
    raise self.model.DoesNotExist(
        "%s matching query does not exist." % self.model._meta.object_name
    )
content.models.Blog.DoesNotExist: Blog matching query does not exist.

During handling of the above exception, another exception occurred:

Traceback (most recent call last):
  File "C:\Users\Crist\Desktop\AIversefullstack - 6.3 - editable\backend\content\views.py", line 36, in increment_view
    blog = self.get_object()
  File "C:\Users\Crist\Desktop\AIversefullstack - 6.3 - editable\backend\venv\Lib\site-packages\rest_framework\generics.py", line 100, in get_object
    obj = get_object_or_404(queryset, **filter_kwargs)
  File "C:\Users\Crist\Desktop\AIversefullstack - 6.3 - editable\backend\venv\Lib\site-packages\rest_framework\generics.py", line 19, in get_object_or_404
    return _get_object_or_404(queryset, *filter_args, **filter_kwargs)
  File "C:\Users\Crist\Desktop\AIversefullstack - 6.3 - editable\backend\venv\Lib\site-packages\django\shortcuts.py", line 92, in get_object_or_404
    raise Http404(
        "No %s matches the given query." % queryset.model._meta.object_name
    )
django.http.response.Http404: No Blog matches the given query.

During handling of the above exception, another exception occurred:

Traceback (most recent call last):
  File "C:\Users\Crist\Desktop\AIversefullstack - 6.3 - editable\backend\venv\Lib\site-packages\django\core\handlers\exception.py", line 55, in inner
    response = get_response(request)
  File "C:\Users\Crist\Desktop\AIversefullstack - 6.3 - editable\backend\venv\Lib\site-packages\django\core\handlers\base.py", line 197, in _get_response
    response = wrapped_callback(request, *callback_args, **callback_kwargs)
  File "C:\Users\Crist\Desktop\AIversefullstack - 6.3 - editable\backend\venv\Lib\site-packages\django\views\decorators\csrf.py", line 65, in _view_wrapper
    return view_func(request, *args, **kwargs)
  File "C:\Users\Crist\Desktop\AIversefullstack - 6.3 - editable\backend\venv\Lib\site-packages\rest_framework\viewsets.py", line 125, in view
    return self.dispatch(request, *args, **kwargs)
           ~~~~~~~~~~~~~^^^^^^^^^^^^^^^^^^^^^^^^^^
  File "C:\Users\Crist\Desktop\AIversefullstack - 6.3 - editable\backend\venv\Lib\site-packages\rest_framework\views.py", line 515, in dispatch
    response = self.handle_exception(exc)
  File "C:\Users\Crist\Desktop\AIversefullstack - 6.3 - editable\backend\venv\Lib\site-packages\rest_framework\views.py", line 475, in handle_exception
    self.raise_uncaught_exception(exc)
    ~~~~~~~~~~~~~~~~~~~~~~~~~~~~~^^^^^
  File "C:\Users\Crist\Desktop\AIversefullstack - 6.3 - editable\backend\venv\Lib\site-packages\rest_framework\views.py", line 486, in raise_uncaught_exception
    raise exc
  File "C:\Users\Crist\Desktop\AIversefullstack - 6.3 - editable\backend\venv\Lib\site-packages\rest_framework\views.py", line 512, in dispatch
    response = handler(request, *args, **kwargs)
  File "C:\Users\Crist\Desktop\AIversefullstack - 6.3 - editable\backend\content\views.py", line 42, in increment_view
    return Response({'error': str(e)}, status=status.HTTP_500_INTERNAL_SERVER_ERROR)
                                              ^^^^^^
NameError: name 'status' is not defined
ERROR 2025-11-22 16:30:17,728 log Internal Server Error: /api/blogs/this-the-first-news/increment_view/
Traceback (most recent call last):
  File "C:\Users\Crist\Desktop\AIversefullstack - 6.3 - editable\backend\venv\Lib\site-packages\django\shortcuts.py", line 90, in get_object_or_404
    return queryset.get(*args, **kwargs)
           ~~~~~~~~~~~~^^^^^^^^^^^^^^^^^
  File "C:\Users\Crist\Desktop\AIversefullstack - 6.3 - editable\backend\venv\Lib\site-packages\django\db\models\query.py", line 635, in get
    raise self.model.DoesNotExist(
        "%s matching query does not exist." % self.model._meta.object_name
    )
content.models.Blog.DoesNotExist: Blog matching query does not exist.

During handling of the above exception, another exception occurred:

Traceback (most recent call last):
  File "C:\Users\Crist\Desktop\AIversefullstack - 6.3 - editable\backend\content\views.py", line 36, in increment_view
    blog = self.get_object()
  File "C:\Users\Crist\Desktop\AIversefullstack - 6.3 - editable\backend\venv\Lib\site-packages\rest_framework\generics.py", line 100, in get_object
    obj = get_object_or_404(queryset, **filter_kwargs)
  File "C:\Users\Crist\Desktop\AIversefullstack - 6.3 - editable\backend\venv\Lib\site-packages\rest_framework\generics.py", line 19, in get_object_or_404
    return _get_object_or_404(queryset, *filter_args, **filter_kwargs)
  File "C:\Users\Crist\Desktop\AIversefullstack - 6.3 - editable\backend\venv\Lib\site-packages\django\shortcuts.py", line 92, in get_object_or_404
    raise Http404(
        "No %s matches the given query." % queryset.model._meta.object_name
    )
django.http.response.Http404: No Blog matches the given query.

During handling of the above exception, another exception occurred:

Traceback (most recent call last):
  File "C:\Users\Crist\Desktop\AIversefullstack - 6.3 - editable\backend\venv\Lib\site-packages\django\core\handlers\exception.py", line 55, in inner
    response = get_response(request)
  File "C:\Users\Crist\Desktop\AIversefullstack - 6.3 - editable\backend\venv\Lib\site-packages\django\core\handlers\base.py", line 197, in _get_response
    response = wrapped_callback(request, *callback_args, **callback_kwargs)
  File "C:\Users\Crist\Desktop\AIversefullstack - 6.3 - editable\backend\venv\Lib\site-packages\django\views\decorators\csrf.py", line 65, in _view_wrapper
    return view_func(request, *args, **kwargs)
  File "C:\Users\Crist\Desktop\AIversefullstack - 6.3 - editable\backend\venv\Lib\site-packages\rest_framework\viewsets.py", line 125, in view
    return self.dispatch(request, *args, **kwargs)
           ~~~~~~~~~~~~~^^^^^^^^^^^^^^^^^^^^^^^^^^
  File "C:\Users\Crist\Desktop\AIversefullstack - 6.3 - editable\backend\venv\Lib\site-packages\rest_framework\views.py", line 515, in dispatch
    response = self.handle_exception(exc)
  File "C:\Users\Crist\Desktop\AIversefullstack - 6.3 - editable\backend\venv\Lib\site-packages\rest_framework\views.py", line 475, in handle_exception
    self.raise_uncaught_exception(exc)
    ~~~~~~~~~~~~~~~~~~~~~~~~~~~~~^^^^^
  File "C:\Users\Crist\Desktop\AIversefullstack - 6.3 - editable\backend\venv\Lib\site-packages\rest_framework\views.py", line 486, in raise_uncaught_exception
    raise exc
  File "C:\Users\Crist\Desktop\AIversefullstack - 6.3 - editable\backend\venv\Lib\site-packages\rest_framework\views.py", line 512, in dispatch
    response = handler(request, *args, **kwargs)
  File "C:\Users\Crist\Desktop\AIversefullstack - 6.3 - editable\backend\content\views.py", line 42, in increment_view
    return Response({'error': str(e)}, status=status.HTTP_500_INTERNAL_SERVER_ERROR)
                                              ^^^^^^
NameError: name 'status' is not defined
ERROR 2025-11-22 16:30:20,443 log Internal Server Error: /api/blogs/test/increment_view/
Traceback (most recent call last):
  File "C:\Users\Crist\Desktop\AIversefullstack - 6.3 - editable\backend\content\views.py", line 38, in increment_view
    blog.save(update_fields=['views'])
    ~~~~~~~~~^^^^^^^^^^^^^^^^^^^^^^^^^
  File "C:\Users\Crist\Desktop\AIversefullstack - 6.3 - editable\backend\content\models.py", line 48, in save
    super().save(*args, **kwargs)
    ~~~~~~~~~~~~^^^^^^^^^^^^^^^^^
  File "C:\Users\Crist\Desktop\AIversefullstack - 6.3 - editable\backend\venv\Lib\site-packages\django\db\models\base.py", line 880, in save
    raise ValueError(
    ...<3 lines>...
    )
ValueError: The following fields do not exist in this model, are m2m fields, primary keys, or are non-concrete fields: views

During handling of the above exception, another exception occurred:

Traceback (most recent call last):
  File "C:\Users\Crist\Desktop\AIversefullstack - 6.3 - editable\backend\venv\Lib\site-packages\django\core\handlers\exception.py", line 55, in inner
    response = get_response(request)
  File "C:\Users\Crist\Desktop\AIversefullstack - 6.3 - editable\backend\venv\Lib\site-packages\django\core\handlers\base.py", line 197, in _get_response
    response = wrapped_callback(request, *callback_args, **callback_kwargs)
  File "C:\Users\Crist\Desktop\AIversefullstack - 6.3 - editable\backend\venv\Lib\site-packages\django\views\decorators\csrf.py", line 65, in _view_wrapper
    return view_func(request, *args, **kwargs)
  File "C:\Users\Crist\Desktop\AIversefullstack - 6.3 - editable\backend\venv\Lib\site-packages\rest_framework\viewsets.py", line 125, in view
    return self.dispatch(request, *args, **kwargs)
           ~~~~~~~~~~~~~^^^^^^^^^^^^^^^^^^^^^^^^^^
  File "C:\Users\Crist\Desktop\AIversefullstack - 6.3 - editable\backend\venv\Lib\site-packages\rest_framework\views.py", line 515, in dispatch
    response = self.handle_exception(exc)
  File "C:\Users\Crist\Desktop\AIversefullstack - 6.3 - editable\backend\venv\Lib\site-packages\rest_framework\views.py", line 475, in handle_exception
    self.raise_uncaught_exception(exc)
    ~~~~~~~~~~~~~~~~~~~~~~~~~~~~~^^^^^
  File "C:\Users\Crist\Desktop\AIversefullstack - 6.3 - editable\backend\venv\Lib\site-packages\rest_framework\views.py", line 486, in raise_uncaught_exception
    raise exc
  File "C:\Users\Crist\Desktop\AIversefullstack - 6.3 - editable\backend\venv\Lib\site-packages\rest_framework\views.py", line 512, in dispatch
    response = handler(request, *args, **kwargs)
  File "C:\Users\Crist\Desktop\AIversefullstack - 6.3 - editable\backend\content\views.py", line 42, in increment_view
    return Response({'error': str(e)}, status=status.HTTP_500_INTERNAL_SERVER_ERROR)
                                              ^^^^^^
NameError: name 'status' is not defined
ERROR 2025-11-22 16:30:20,494 log Internal Server Error: /api/blogs/test/increment_view/
Traceback (most recent call last):
  File "C:\Users\Crist\Desktop\AIversefullstack - 6.3 - editable\backend\content\views.py", line 38, in increment_view
    blog.save(update_fields=['views'])
    ~~~~~~~~~^^^^^^^^^^^^^^^^^^^^^^^^^
  File "C:\Users\Crist\Desktop\AIversefullstack - 6.3 - editable\backend\content\models.py", line 48, in save
    super().save(*args, **kwargs)
    ~~~~~~~~~~~~^^^^^^^^^^^^^^^^^
  File "C:\Users\Crist\Desktop\AIversefullstack - 6.3 - editable\backend\venv\Lib\site-packages\django\db\models\base.py", line 880, in save
    raise ValueError(
    ...<3 lines>...
    )
ValueError: The following fields do not exist in this model, are m2m fields, primary keys, or are non-concrete fields: views

During handling of the above exception, another exception occurred:

Traceback (most recent call last):
  File "C:\Users\Crist\Desktop\AIversefullstack - 6.3 - editable\backend\venv\Lib\site-packages\django\core\handlers\exception.py", line 55, in inner
    response = get_response(request)
  File "C:\Users\Crist\Desktop\AIversefullstack - 6.3 - editable\backend\venv\Lib\site-packages\django\core\handlers\base.py", line 197, in _get_response
    response = wrapped_callback(request, *callback_args, **callback_kwargs)
  File "C:\Users\Crist\Desktop\AIversefullstack - 6.3 - editable\backend\venv\Lib\site-packages\django\views\decorators\csrf.py", line 65, in _view_wrapper
    return view_func(request, *args, **kwargs)
  File "C:\Users\Crist\Desktop\AIversefullstack - 6.3 - editable\backend\venv\Lib\site-packages\rest_framework\viewsets.py", line 125, in view
    return self.dispatch(request, *args, **kwargs)
           ~~~~~~~~~~~~~^^^^^^^^^^^^^^^^^^^^^^^^^^
  File "C:\Users\Crist\Desktop\AIversefullstack - 6.3 - editable\backend\venv\Lib\site-packages\rest_framework\views.py", line 515, in dispatch
    response = self.handle_exception(exc)
  File "C:\Users\Crist\Desktop\AIversefullstack - 6.3 - editable\backend\venv\Lib\site-packages\rest_framework\views.py", line 475, in handle_exception
    self.raise_uncaught_exception(exc)
    ~~~~~~~~~~~~~~~~~~~~~~~~~~~~~^^^^^
  File "C:\Users\Crist\Desktop\AIversefullstack - 6.3 - editable\backend\venv\Lib\site-packages\rest_framework\views.py", line 486, in raise_uncaught_exception
    raise exc
  File "C:\Users\Crist\Desktop\AIversefullstack - 6.3 - editable\backend\venv\Lib\site-packages\rest_framework\views.py", line 512, in dispatch
    response = handler(request, *args, **kwargs)
  File "C:\Users\Crist\Desktop\AIversefullstack - 6.3 - editable\backend\content\views.py", line 42, in increment_view
    return Response({'error': str(e)}, status=status.HTTP_500_INTERNAL_SERVER_ERROR)
                                              ^^^^^^
NameError: name 'status' is not defined
ERROR 2025-11-22 16:33:54,741 log Internal Server Error: /api/blogs/test/increment_view/
Traceback (most recent call last):
  File "C:\Users\Crist\Desktop\AIversefullstack - 6.3 - editable\backend\content\views.py", line 40, in increment_view
    return Response({'views': blog.views}, status=status.HTTP_200_OK)
                                                  ^^^^^^
NameError: name 'status' is not defined

During handling of the above exception, another exception occurred:

Traceback (most recent call last):
  File "C:\Users\Crist\Desktop\AIversefullstack - 6.3 - editable\backend\venv\Lib\site-packages\django\core\handlers\exception.py", line 55, in inner
    response = get_response(request)
  File "C:\Users\Crist\Desktop\AIversefullstack - 6.3 - editable\backend\venv\Lib\site-packages\django\core\handlers\base.py", line 197, in _get_response
    response = wrapped_callback(request, *callback_args, **callback_kwargs)
  File "C:\Users\Crist\Desktop\AIversefullstack - 6.3 - editable\backend\venv\Lib\site-packages\django\views\decorators\csrf.py", line 65, in _view_wrapper
    return view_func(request, *args, **kwargs)
  File "C:\Users\Crist\Desktop\AIversefullstack - 6.3 - editable\backend\venv\Lib\site-packages\rest_framework\viewsets.py", line 125, in view
    return self.dispatch(request, *args, **kwargs)
           ~~~~~~~~~~~~~^^^^^^^^^^^^^^^^^^^^^^^^^^
  File "C:\Users\Crist\Desktop\AIversefullstack - 6.3 - editable\backend\venv\Lib\site-packages\rest_framework\views.py", line 515, in dispatch
    response = self.handle_exception(exc)
  File "C:\Users\Crist\Desktop\AIversefullstack - 6.3 - editable\backend\venv\Lib\site-packages\rest_framework\views.py", line 475, in handle_exception
    self.raise_uncaught_exception(exc)
    ~~~~~~~~~~~~~~~~~~~~~~~~~~~~~^^^^^
  File "C:\Users\Crist\Desktop\AIversefullstack - 6.3 - editable\backend\venv\Lib\site-packages\rest_framework\views.py", line 486, in raise_uncaught_exception
    raise exc
  File "C:\Users\Crist\Desktop\AIversefullstack - 6.3 - editable\backend\venv\Lib\site-packages\rest_framework\views.py", line 512, in dispatch
    response = handler(request, *args, **kwargs)
  File "C:\Users\Crist\Desktop\AIversefullstack - 6.3 - editable\backend\content\views.py", line 42, in increment_view
    return Response({'error': str(e)}, status=status.HTTP_500_INTERNAL_SERVER_ERROR)
                                              ^^^^^^
NameError: name 'status' is not defined
ERROR 2025-11-22 16:33:54,771 log Internal Server Error: /api/blogs/test/increment_view/
Traceback (most recent call last):
  File "C:\Users\Crist\Desktop\AIversefullstack - 6.3 - editable\backend\content\views.py", line 40, in increment_view
    return Response({'views': blog.views}, status=status.HTTP_200_OK)
                                                  ^^^^^^
NameError: name 'status' is not defined

During handling of the above exception, another exception occurred:

Traceback (most recent call last):
  File "C:\Users\Crist\Desktop\AIversefullstack - 6.3 - editable\backend\venv\Lib\site-packages\django\core\handlers\exception.py", line 55, in inner
    response = get_response(request)
  File "C:\Users\Crist\Desktop\AIversefullstack - 6.3 - editable\backend\venv\Lib\site-packages\django\core\handlers\base.py", line 197, in _get_response
    response = wrapped_callback(request, *callback_args, **callback_kwargs)
  File "C:\Users\Crist\Desktop\AIversefullstack - 6.3 - editable\backend\venv\Lib\site-packages\django\views\decorators\csrf.py", line 65, in _view_wrapper
    return view_func(request, *args, **kwargs)
  File "C:\Users\Crist\Desktop\AIversefullstack - 6.3 - editable\backend\venv\Lib\site-packages\rest_framework\viewsets.py", line 125, in view
    return self.dispatch(request, *args, **kwargs)
           ~~~~~~~~~~~~~^^^^^^^^^^^^^^^^^^^^^^^^^^
  File "C:\Users\Crist\Desktop\AIversefullstack - 6.3 - editable\backend\venv\Lib\site-packages\rest_framework\views.py", line 515, in dispatch
    response = self.handle_exception(exc)
  File "C:\Users\Crist\Desktop\AIversefullstack - 6.3 - editable\backend\venv\Lib\site-packages\rest_framework\views.py", line 475, in handle_exception
    self.raise_uncaught_exception(exc)
    ~~~~~~~~~~~~~~~~~~~~~~~~~~~~~^^^^^
  File "C:\Users\Crist\Desktop\AIversefullstack - 6.3 - editable\backend\venv\Lib\site-packages\rest_framework\views.py", line 486, in raise_uncaught_exception
    raise exc
  File "C:\Users\Crist\Desktop\AIversefullstack - 6.3 - editable\backend\venv\Lib\site-packages\rest_framework\views.py", line 512, in dispatch
    response = handler(request, *args, **kwargs)
  File "C:\Users\Crist\Desktop\AIversefullstack - 6.3 - editable\backend\content\views.py", line 42, in increment_view
    return Response({'error': str(e)}, status=status.HTTP_500_INTERNAL_SERVER_ERROR)
                                              ^^^^^^
NameError: name 'status' is not defined
ERROR 2025-11-23 18:01:05,355 log Internal Server Error: /api/blogs/this-the-first-news/increment_view/
ERROR 2025-11-23 18:01:05,372 log Internal Server Error: /api/blogs/this-the-first-news/increment_view/
ERROR 2025-11-23 23:30:18,084 log Internal Server Error: /api/comments/create
Traceback (most recent call last):
  File "C:\Users\Crist\Desktop\AIversefullstack - 6.3 - editable\backend\venv\Lib\site-packages\django\core\handlers\exception.py", line 55, in inner
    response = get_response(request)
  File "C:\Users\Crist\Desktop\AIversefullstack - 6.3 - editable\backend\venv\Lib\site-packages\django\utils\deprecation.py", line 122, in __call__
    response = self.process_response(request, response)
  File "C:\Users\Crist\Desktop\AIversefullstack - 6.3 - editable\backend\venv\Lib\site-packages\django\middleware\common.py", line 108, in process_response
    return self.response_redirect_class(self.get_full_path_with_slash(request))
                                        ~~~~~~~~~~~~~~~~~~~~~~~~~~~~~^^^^^^^^^
  File "C:\Users\Crist\Desktop\AIversefullstack - 6.3 - editable\backend\venv\Lib\site-packages\django\middleware\common.py", line 87, in get_full_path_with_slash
    raise RuntimeError(
    ...<9 lines>...
    )
RuntimeError: You called this URL via POST, but the URL doesn't end in a slash and you have APPEND_SLASH set. Django can't redirect to the slash URL while maintaining POST data. Change your form to point to localhost:8000/api/comments/create/ (note the trailing slash), or set APPEND_SLASH=False in your Django settings.
ERROR 2025-11-23 23:30:19,468 log Internal Server Error: /api/comments/create
Traceback (most recent call last):
  File "C:\Users\Crist\Desktop\AIversefullstack - 6.3 - editable\backend\venv\Lib\site-packages\django\core\handlers\exception.py", line 55, in inner
    response = get_response(request)
  File "C:\Users\Crist\Desktop\AIversefullstack - 6.3 - editable\backend\venv\Lib\site-packages\django\utils\deprecation.py", line 122, in __call__
    response = self.process_response(request, response)
  File "C:\Users\Crist\Desktop\AIversefullstack - 6.3 - editable\backend\venv\Lib\site-packages\django\middleware\common.py", line 108, in process_response
    return self.response_redirect_class(self.get_full_path_with_slash(request))
                                        ~~~~~~~~~~~~~~~~~~~~~~~~~~~~~^^^^^^^^^
  File "C:\Users\Crist\Desktop\AIversefullstack - 6.3 - editable\backend\venv\Lib\site-packages\django\middleware\common.py", line 87, in get_full_path_with_slash
    raise RuntimeError(
    ...<9 lines>...
    )
RuntimeError: You called this URL via POST, but the URL doesn't end in a slash and you have APPEND_SLASH set. Django can't redirect to the slash URL while maintaining POST data. Change your form to point to localhost:8000/api/comments/create/ (note the trailing slash), or set APPEND_SLASH=False in your Django settings.
ERROR 2025-11-23 23:30:20,261 log Internal Server Error: /api/comments/create
Traceback (most recent call last):
  File "C:\Users\Crist\Desktop\AIversefullstack - 6.3 - editable\backend\venv\Lib\site-packages\django\core\handlers\exception.py", line 55, in inner
    response = get_response(request)
  File "C:\Users\Crist\Desktop\AIversefullstack - 6.3 - editable\backend\venv\Lib\site-packages\django\utils\deprecation.py", line 122, in __call__
    response = self.process_response(request, response)
  File "C:\Users\Crist\Desktop\AIversefullstack - 6.3 - editable\backend\venv\Lib\site-packages\django\middleware\common.py", line 108, in process_response
    return self.response_redirect_class(self.get_full_path_with_slash(request))
                                        ~~~~~~~~~~~~~~~~~~~~~~~~~~~~~^^^^^^^^^
  File "C:\Users\Crist\Desktop\AIversefullstack - 6.3 - editable\backend\venv\Lib\site-packages\django\middleware\common.py", line 87, in get_full_path_with_slash
    raise RuntimeError(
    ...<9 lines>...
    )
RuntimeError: You called this URL via POST, but the URL doesn't end in a slash and you have APPEND_SLASH set. Django can't redirect to the slash URL while maintaining POST data. Change your form to point to localhost:8000/api/comments/create/ (note the trailing slash), or set APPEND_SLASH=False in your Django settings.
ERROR 2025-11-23 23:30:20,511 log Internal Server Error: /api/comments/create
Traceback (most recent call last):
  File "C:\Users\Crist\Desktop\AIversefullstack - 6.3 - editable\backend\venv\Lib\site-packages\django\core\handlers\exception.py", line 55, in inner
    response = get_response(request)
  File "C:\Users\Crist\Desktop\AIversefullstack - 6.3 - editable\backend\venv\Lib\site-packages\django\utils\deprecation.py", line 122, in __call__
    response = self.process_response(request, response)
  File "C:\Users\Crist\Desktop\AIversefullstack - 6.3 - editable\backend\venv\Lib\site-packages\django\middleware\common.py", line 108, in process_response
    return self.response_redirect_class(self.get_full_path_with_slash(request))
                                        ~~~~~~~~~~~~~~~~~~~~~~~~~~~~~^^^^^^^^^
  File "C:\Users\Crist\Desktop\AIversefullstack - 6.3 - editable\backend\venv\Lib\site-packages\django\middleware\common.py", line 87, in get_full_path_with_slash
    raise RuntimeError(
    ...<9 lines>...
    )
RuntimeError: You called this URL via POST, but the URL doesn't end in a slash and you have APPEND_SLASH set. Django can't redirect to the slash URL while maintaining POST data. Change your form to point to localhost:8000/api/comments/create/ (note the trailing slash), or set APPEND_SLASH=False in your Django settings.
ERROR 2025-11-23 23:30:20,639 log Internal Server Error: /api/comments/create
Traceback (most recent call last):
  File "C:\Users\Crist\Desktop\AIversefullstack - 6.3 - editable\backend\venv\Lib\site-packages\django\core\handlers\exception.py", line 55, in inner
    response = get_response(request)
  File "C:\Users\Crist\Desktop\AIversefullstack - 6.3 - editable\backend\venv\Lib\site-packages\django\utils\deprecation.py", line 122, in __call__
    response = self.process_response(request, response)
  File "C:\Users\Crist\Desktop\AIversefullstack - 6.3 - editable\backend\venv\Lib\site-packages\django\middleware\common.py", line 108, in process_response
    return self.response_redirect_class(self.get_full_path_with_slash(request))
                                        ~~~~~~~~~~~~~~~~~~~~~~~~~~~~~^^^^^^^^^
  File "C:\Users\Crist\Desktop\AIversefullstack - 6.3 - editable\backend\venv\Lib\site-packages\django\middleware\common.py", line 87, in get_full_path_with_slash
    raise RuntimeError(
    ...<9 lines>...
    )
RuntimeError: You called this URL via POST, but the URL doesn't end in a slash and you have APPEND_SLASH set. Django can't redirect to the slash URL while maintaining POST data. Change your form to point to localhost:8000/api/comments/create/ (note the trailing slash), or set APPEND_SLASH=False in your Django settings.
ERROR 2025-11-23 23:30:20,911 log Internal Server Error: /api/comments/create
Traceback (most recent call last):
  File "C:\Users\Crist\Desktop\AIversefullstack - 6.3 - editable\backend\venv\Lib\site-packages\django\core\handlers\exception.py", line 55, in inner
    response = get_response(request)
  File "C:\Users\Crist\Desktop\AIversefullstack - 6.3 - editable\backend\venv\Lib\site-packages\django\utils\deprecation.py", line 122, in __call__
    response = self.process_response(request, response)
  File "C:\Users\Crist\Desktop\AIversefullstack - 6.3 - editable\backend\venv\Lib\site-packages\django\middleware\common.py", line 108, in process_response
    return self.response_redirect_class(self.get_full_path_with_slash(request))
                                        ~~~~~~~~~~~~~~~~~~~~~~~~~~~~~^^^^^^^^^
  File "C:\Users\Crist\Desktop\AIversefullstack - 6.3 - editable\backend\venv\Lib\site-packages\django\middleware\common.py", line 87, in get_full_path_with_slash
    raise RuntimeError(
    ...<9 lines>...
    )
RuntimeError: You called this URL via POST, but the URL doesn't end in a slash and you have APPEND_SLASH set. Django can't redirect to the slash URL while maintaining POST data. Change your form to point to localhost:8000/api/comments/create/ (note the trailing slash), or set APPEND_SLASH=False in your Django settings.
ERROR 2025-11-23 23:30:21,137 log Internal Server Error: /api/comments/create
Traceback (most recent call last):
  File "C:\Users\Crist\Desktop\AIversefullstack - 6.3 - editable\backend\venv\Lib\site-packages\django\core\handlers\exception.py", line 55, in inner
    response = get_response(request)
  File "C:\Users\Crist\Desktop\AIversefullstack - 6.3 - editable\backend\venv\Lib\site-packages\django\utils\deprecation.py", line 122, in __call__
    response = self.process_response(request, response)
  File "C:\Users\Crist\Desktop\AIversefullstack - 6.3 - editable\backend\venv\Lib\site-packages\django\middleware\common.py", line 108, in process_response
    return self.response_redirect_class(self.get_full_path_with_slash(request))
                                        ~~~~~~~~~~~~~~~~~~~~~~~~~~~~~^^^^^^^^^
  File "C:\Users\Crist\Desktop\AIversefullstack - 6.3 - editable\backend\venv\Lib\site-packages\django\middleware\common.py", line 87, in get_full_path_with_slash
    raise RuntimeError(
    ...<9 lines>...
    )
RuntimeError: You called this URL via POST, but the URL doesn't end in a slash and you have APPEND_SLASH set. Django can't redirect to the slash URL while maintaining POST data. Change your form to point to localhost:8000/api/comments/create/ (note the trailing slash), or set APPEND_SLASH=False in your Django settings.
ERROR 2025-11-27 23:47:26,321 log Internal Server Error: /api/blogs/this-the-first-news/increment_view/
ERROR 2025-11-27 23:47:26,328 log Internal Server Error: /api/blogs/this-the-first-news/increment_view/
ERROR 2025-12-10 16:22:11,626 log Internal Server Error: /admin/interactions/vote/
Traceback (most recent call last):
  File "C:\Users\Crist\Desktop\AIversefullstack - 6.3 - editable\backend\venv\Lib\site-packages\django\db\backends\utils.py", line 105, in _execute
    return self.cursor.execute(sql, params)
           ~~~~~~~~~~~~~~~~~~~^^^^^^^^^^^^^
  File "C:\Users\Crist\Desktop\AIversefullstack - 6.3 - editable\backend\venv\Lib\site-packages\django\db\backends\sqlite3\base.py", line 360, in execute
    return super().execute(query, params)
           ~~~~~~~~~~~~~~~^^^^^^^^^^^^^^^
sqlite3.OperationalError: no such column: votes.tool_id

The above exception was the direct cause of the following exception:

Traceback (most recent call last):
  File "C:\Users\Crist\Desktop\AIversefullstack - 6.3 - editable\backend\venv\Lib\site-packages\django\core\handlers\exception.py", line 55, in inner
    response = get_response(request)
  File "C:\Users\Crist\Desktop\AIversefullstack - 6.3 - editable\backend\venv\Lib\site-packages\django\core\handlers\base.py", line 197, in _get_response
    response = wrapped_callback(request, *callback_args, **callback_kwargs)
  File "C:\Users\Crist\Desktop\AIversefullstack - 6.3 - editable\backend\venv\Lib\site-packages\django\contrib\admin\options.py", line 719, in wrapper
    return self.admin_site.admin_view(view)(*args, **kwargs)
           ~~~~~~~~~~~~~~~~~~~~~~~~~~~~~~~~^^^^^^^^^^^^^^^^^
  File "C:\Users\Crist\Desktop\AIversefullstack - 6.3 - editable\backend\venv\Lib\site-packages\django\utils\decorators.py", line 192, in _view_wrapper
    result = _process_exception(request, e)
  File "C:\Users\Crist\Desktop\AIversefullstack - 6.3 - editable\backend\venv\Lib\site-packages\django\utils\decorators.py", line 190, in _view_wrapper
    response = view_func(request, *args, **kwargs)
  File "C:\Users\Crist\Desktop\AIversefullstack - 6.3 - editable\backend\venv\Lib\site-packages\django\views\decorators\cache.py", line 80, in _view_wrapper
    response = view_func(request, *args, **kwargs)
  File "C:\Users\Crist\Desktop\AIversefullstack - 6.3 - editable\backend\venv\Lib\site-packages\django\contrib\admin\sites.py", line 246, in inner
    return view(request, *args, **kwargs)
  File "C:\Users\Crist\Desktop\AIversefullstack - 6.3 - editable\backend\venv\Lib\site-packages\django\utils\decorators.py", line 48, in _wrapper
    return bound_method(*args, **kwargs)
  File "C:\Users\Crist\Desktop\AIversefullstack - 6.3 - editable\backend\venv\Lib\site-packages\django\utils\decorators.py", line 192, in _view_wrapper
    result = _process_exception(request, e)
  File "C:\Users\Crist\Desktop\AIversefullstack - 6.3 - editable\backend\venv\Lib\site-packages\django\utils\decorators.py", line 190, in _view_wrapper
    response = view_func(request, *args, **kwargs)
  File "C:\Users\Crist\Desktop\AIversefullstack - 6.3 - editable\backend\venv\Lib\site-packages\django\contrib\admin\options.py", line 2163, in changelist_view
    "selection_note": _("0 of %(cnt)s selected") % {"cnt": len(cl.result_list)},
                                                           ~~~^^^^^^^^^^^^^^^^
  File "C:\Users\Crist\Desktop\AIversefullstack - 6.3 - editable\backend\venv\Lib\site-packages\django\db\models\query.py", line 368, in __len__
    self._fetch_all()
    ~~~~~~~~~~~~~~~^^
  File "C:\Users\Crist\Desktop\AIversefullstack - 6.3 - editable\backend\venv\Lib\site-packages\django\db\models\query.py", line 1954, in _fetch_all
    self._result_cache = list(self._iterable_class(self))
                         ~~~~^^^^^^^^^^^^^^^^^^^^^^^^^^^^
  File "C:\Users\Crist\Desktop\AIversefullstack - 6.3 - editable\backend\venv\Lib\site-packages\django\db\models\query.py", line 93, in __iter__
    results = compiler.execute_sql(
        chunked_fetch=self.chunked_fetch, chunk_size=self.chunk_size
    )
  File "C:\Users\Crist\Desktop\AIversefullstack - 6.3 - editable\backend\venv\Lib\site-packages\django\db\models\sql\compiler.py", line 1623, in execute_sql
    cursor.execute(sql, params)
    ~~~~~~~~~~~~~~^^^^^^^^^^^^^
  File "C:\Users\Crist\Desktop\AIversefullstack - 6.3 - editable\backend\venv\Lib\site-packages\django\db\backends\utils.py", line 122, in execute
    return super().execute(sql, params)
           ~~~~~~~~~~~~~~~^^^^^^^^^^^^^
  File "C:\Users\Crist\Desktop\AIversefullstack - 6.3 - editable\backend\venv\Lib\site-packages\django\db\backends\utils.py", line 79, in execute
    return self._execute_with_wrappers(
           ~~~~~~~~~~~~~~~~~~~~~~~~~~~^
        sql, params, many=False, executor=self._execute
        ^^^^^^^^^^^^^^^^^^^^^^^^^^^^^^^^^^^^^^^^^^^^^^^
    )
    ^
  File "C:\Users\Crist\Desktop\AIversefullstack - 6.3 - editable\backend\venv\Lib\site-packages\django\db\backends\utils.py", line 92, in _execute_with_wrappers
    return executor(sql, params, many, context)
  File "C:\Users\Crist\Desktop\AIversefullstack - 6.3 - editable\backend\venv\Lib\site-packages\django\db\backends\utils.py", line 100, in _execute
    with self.db.wrap_database_errors:
         ^^^^^^^^^^^^^^^^^^^^^^^^^^^^
  File "C:\Users\Crist\Desktop\AIversefullstack - 6.3 - editable\backend\venv\Lib\site-packages\django\db\utils.py", line 91, in __exit__
    raise dj_exc_value.with_traceback(traceback) from exc_value
  File "C:\Users\Crist\Desktop\AIversefullstack - 6.3 - editable\backend\venv\Lib\site-packages\django\db\backends\utils.py", line 105, in _execute
    return self.cursor.execute(sql, params)
           ~~~~~~~~~~~~~~~~~~~^^^^^^^^^^^^^
  File "C:\Users\Crist\Desktop\AIversefullstack - 6.3 - editable\backend\venv\Lib\site-packages\django\db\backends\sqlite3\base.py", line 360, in execute
    return super().execute(query, params)
           ~~~~~~~~~~~~~~~^^^^^^^^^^^^^^^
django.db.utils.OperationalError: no such column: votes.tool_id
ERROR 2025-12-10 16:32:04,934 log Internal Server Error: /admin/interactions/vote/8/change/
Traceback (most recent call last):
  File "C:\Users\Crist\Desktop\AIversefullstack - 6.3 - editable\backend\venv\Lib\site-packages\django\db\backends\utils.py", line 105, in _execute
    return self.cursor.execute(sql, params)
           ~~~~~~~~~~~~~~~~~~~^^^^^^^^^^^^^
  File "C:\Users\Crist\Desktop\AIversefullstack - 6.3 - editable\backend\venv\Lib\site-packages\django\db\backends\sqlite3\base.py", line 360, in execute
    return super().execute(query, params)
           ~~~~~~~~~~~~~~~^^^^^^^^^^^^^^^
sqlite3.OperationalError: no such column: votes.prompts_id

The above exception was the direct cause of the following exception:

Traceback (most recent call last):
  File "C:\Users\Crist\Desktop\AIversefullstack - 6.3 - editable\backend\venv\Lib\site-packages\django\core\handlers\exception.py", line 55, in inner
    response = get_response(request)
  File "C:\Users\Crist\Desktop\AIversefullstack - 6.3 - editable\backend\venv\Lib\site-packages\django\core\handlers\base.py", line 197, in _get_response
    response = wrapped_callback(request, *callback_args, **callback_kwargs)
  File "C:\Users\Crist\Desktop\AIversefullstack - 6.3 - editable\backend\venv\Lib\site-packages\django\contrib\admin\options.py", line 719, in wrapper
    return self.admin_site.admin_view(view)(*args, **kwargs)
           ~~~~~~~~~~~~~~~~~~~~~~~~~~~~~~~~^^^^^^^^^^^^^^^^^
  File "C:\Users\Crist\Desktop\AIversefullstack - 6.3 - editable\backend\venv\Lib\site-packages\django\utils\decorators.py", line 192, in _view_wrapper
    result = _process_exception(request, e)
  File "C:\Users\Crist\Desktop\AIversefullstack - 6.3 - editable\backend\venv\Lib\site-packages\django\utils\decorators.py", line 190, in _view_wrapper
    response = view_func(request, *args, **kwargs)
  File "C:\Users\Crist\Desktop\AIversefullstack - 6.3 - editable\backend\venv\Lib\site-packages\django\views\decorators\cache.py", line 80, in _view_wrapper
    response = view_func(request, *args, **kwargs)
  File "C:\Users\Crist\Desktop\AIversefullstack - 6.3 - editable\backend\venv\Lib\site-packages\django\contrib\admin\sites.py", line 246, in inner
    return view(request, *args, **kwargs)
  File "C:\Users\Crist\Desktop\AIversefullstack - 6.3 - editable\backend\venv\Lib\site-packages\django\contrib\admin\options.py", line 1987, in change_view
    return self.changeform_view(request, object_id, form_url, extra_context)
           ~~~~~~~~~~~~~~~~~~~~^^^^^^^^^^^^^^^^^^^^^^^^^^^^^^^^^^^^^^^^^^^^^
  File "C:\Users\Crist\Desktop\AIversefullstack - 6.3 - editable\backend\venv\Lib\site-packages\django\utils\decorators.py", line 48, in _wrapper
    return bound_method(*args, **kwargs)
  File "C:\Users\Crist\Desktop\AIversefullstack - 6.3 - editable\backend\venv\Lib\site-packages\django\utils\decorators.py", line 192, in _view_wrapper
    result = _process_exception(request, e)
  File "C:\Users\Crist\Desktop\AIversefullstack - 6.3 - editable\backend\venv\Lib\site-packages\django\utils\decorators.py", line 190, in _view_wrapper
    response = view_func(request, *args, **kwargs)
  File "C:\Users\Crist\Desktop\AIversefullstack - 6.3 - editable\backend\venv\Lib\site-packages\django\contrib\admin\options.py", line 1840, in changeform_view
    return self._changeform_view(request, object_id, form_url, extra_context)
           ~~~~~~~~~~~~~~~~~~~~~^^^^^^^^^^^^^^^^^^^^^^^^^^^^^^^^^^^^^^^^^^^^^
  File "C:\Users\Crist\Desktop\AIversefullstack - 6.3 - editable\backend\venv\Lib\site-packages\django\contrib\admin\options.py", line 1863, in _changeform_view
    obj = self.get_object(request, unquote(object_id), to_field)
  File "C:\Users\Crist\Desktop\AIversefullstack - 6.3 - editable\backend\venv\Lib\site-packages\django\contrib\admin\options.py", line 897, in get_object
    return queryset.get(**{field.name: object_id})
           ~~~~~~~~~~~~^^^^^^^^^^^^^^^^^^^^^^^^^^^
  File "C:\Users\Crist\Desktop\AIversefullstack - 6.3 - editable\backend\venv\Lib\site-packages\django\db\models\query.py", line 631, in get
    num = len(clone)
  File "C:\Users\Crist\Desktop\AIversefullstack - 6.3 - editable\backend\venv\Lib\site-packages\django\db\models\query.py", line 368, in __len__
    self._fetch_all()
    ~~~~~~~~~~~~~~~^^
  File "C:\Users\Crist\Desktop\AIversefullstack - 6.3 - editable\backend\venv\Lib\site-packages\django\db\models\query.py", line 1954, in _fetch_all
    self._result_cache = list(self._iterable_class(self))
                         ~~~~^^^^^^^^^^^^^^^^^^^^^^^^^^^^
  File "C:\Users\Crist\Desktop\AIversefullstack - 6.3 - editable\backend\venv\Lib\site-packages\django\db\models\query.py", line 93, in __iter__
    results = compiler.execute_sql(
        chunked_fetch=self.chunked_fetch, chunk_size=self.chunk_size
    )
  File "C:\Users\Crist\Desktop\AIversefullstack - 6.3 - editable\backend\venv\Lib\site-packages\django\db\models\sql\compiler.py", line 1623, in execute_sql
    cursor.execute(sql, params)
    ~~~~~~~~~~~~~~^^^^^^^^^^^^^
  File "C:\Users\Crist\Desktop\AIversefullstack - 6.3 - editable\backend\venv\Lib\site-packages\django\db\backends\utils.py", line 122, in execute
    return super().execute(sql, params)
           ~~~~~~~~~~~~~~~^^^^^^^^^^^^^
  File "C:\Users\Crist\Desktop\AIversefullstack - 6.3 - editable\backend\venv\Lib\site-packages\django\db\backends\utils.py", line 79, in execute
    return self._execute_with_wrappers(
           ~~~~~~~~~~~~~~~~~~~~~~~~~~~^
        sql, params, many=False, executor=self._execute
        ^^^^^^^^^^^^^^^^^^^^^^^^^^^^^^^^^^^^^^^^^^^^^^^
    )
    ^
  File "C:\Users\Crist\Desktop\AIversefullstack - 6.3 - editable\backend\venv\Lib\site-packages\django\db\backends\utils.py", line 92, in _execute_with_wrappers
    return executor(sql, params, many, context)
  File "C:\Users\Crist\Desktop\AIversefullstack - 6.3 - editable\backend\venv\Lib\site-packages\django\db\backends\utils.py", line 100, in _execute
    with self.db.wrap_database_errors:
         ^^^^^^^^^^^^^^^^^^^^^^^^^^^^
  File "C:\Users\Crist\Desktop\AIversefullstack - 6.3 - editable\backend\venv\Lib\site-packages\django\db\utils.py", line 91, in __exit__
    raise dj_exc_value.with_traceback(traceback) from exc_value
  File "C:\Users\Crist\Desktop\AIversefullstack - 6.3 - editable\backend\venv\Lib\site-packages\django\db\backends\utils.py", line 105, in _execute
    return self.cursor.execute(sql, params)
           ~~~~~~~~~~~~~~~~~~~^^^^^^^^^^^^^
  File "C:\Users\Crist\Desktop\AIversefullstack - 6.3 - editable\backend\venv\Lib\site-packages\django\db\backends\sqlite3\base.py", line 360, in execute
    return super().execute(query, params)
           ~~~~~~~~~~~~~~~^^^^^^^^^^^^^^^
django.db.utils.OperationalError: no such column: votes.prompts_id
ERROR 2025-12-10 16:32:07,333 log Internal Server Error: /admin/interactions/vote/
Traceback (most recent call last):
  File "C:\Users\Crist\Desktop\AIversefullstack - 6.3 - editable\backend\venv\Lib\site-packages\django\db\backends\utils.py", line 105, in _execute
    return self.cursor.execute(sql, params)
           ~~~~~~~~~~~~~~~~~~~^^^^^^^^^^^^^
  File "C:\Users\Crist\Desktop\AIversefullstack - 6.3 - editable\backend\venv\Lib\site-packages\django\db\backends\sqlite3\base.py", line 360, in execute
    return super().execute(query, params)
           ~~~~~~~~~~~~~~~^^^^^^^^^^^^^^^
sqlite3.OperationalError: no such column: votes.prompts_id

The above exception was the direct cause of the following exception:

Traceback (most recent call last):
  File "C:\Users\Crist\Desktop\AIversefullstack - 6.3 - editable\backend\venv\Lib\site-packages\django\core\handlers\exception.py", line 55, in inner
    response = get_response(request)
  File "C:\Users\Crist\Desktop\AIversefullstack - 6.3 - editable\backend\venv\Lib\site-packages\django\core\handlers\base.py", line 197, in _get_response
    response = wrapped_callback(request, *callback_args, **callback_kwargs)
  File "C:\Users\Crist\Desktop\AIversefullstack - 6.3 - editable\backend\venv\Lib\site-packages\django\contrib\admin\options.py", line 719, in wrapper
    return self.admin_site.admin_view(view)(*args, **kwargs)
           ~~~~~~~~~~~~~~~~~~~~~~~~~~~~~~~~^^^^^^^^^^^^^^^^^
  File "C:\Users\Crist\Desktop\AIversefullstack - 6.3 - editable\backend\venv\Lib\site-packages\django\utils\decorators.py", line 192, in _view_wrapper
    result = _process_exception(request, e)
  File "C:\Users\Crist\Desktop\AIversefullstack - 6.3 - editable\backend\venv\Lib\site-packages\django\utils\decorators.py", line 190, in _view_wrapper
    response = view_func(request, *args, **kwargs)
  File "C:\Users\Crist\Desktop\AIversefullstack - 6.3 - editable\backend\venv\Lib\site-packages\django\views\decorators\cache.py", line 80, in _view_wrapper
    response = view_func(request, *args, **kwargs)
  File "C:\Users\Crist\Desktop\AIversefullstack - 6.3 - editable\backend\venv\Lib\site-packages\django\contrib\admin\sites.py", line 246, in inner
    return view(request, *args, **kwargs)
  File "C:\Users\Crist\Desktop\AIversefullstack - 6.3 - editable\backend\venv\Lib\site-packages\django\utils\decorators.py", line 48, in _wrapper
    return bound_method(*args, **kwargs)
  File "C:\Users\Crist\Desktop\AIversefullstack - 6.3 - editable\backend\venv\Lib\site-packages\django\utils\decorators.py", line 192, in _view_wrapper
    result = _process_exception(request, e)
  File "C:\Users\Crist\Desktop\AIversefullstack - 6.3 - editable\backend\venv\Lib\site-packages\django\utils\decorators.py", line 190, in _view_wrapper
    response = view_func(request, *args, **kwargs)
  File "C:\Users\Crist\Desktop\AIversefullstack - 6.3 - editable\backend\venv\Lib\site-packages\django\contrib\admin\options.py", line 2163, in changelist_view
    "selection_note": _("0 of %(cnt)s selected") % {"cnt": len(cl.result_list)},
                                                           ~~~^^^^^^^^^^^^^^^^
  File "C:\Users\Crist\Desktop\AIversefullstack - 6.3 - editable\backend\venv\Lib\site-packages\django\db\models\query.py", line 368, in __len__
    self._fetch_all()
    ~~~~~~~~~~~~~~~^^
  File "C:\Users\Crist\Desktop\AIversefullstack - 6.3 - editable\backend\venv\Lib\site-packages\django\db\models\query.py", line 1954, in _fetch_all
    self._result_cache = list(self._iterable_class(self))
                         ~~~~^^^^^^^^^^^^^^^^^^^^^^^^^^^^
  File "C:\Users\Crist\Desktop\AIversefullstack - 6.3 - editable\backend\venv\Lib\site-packages\django\db\models\query.py", line 93, in __iter__
    results = compiler.execute_sql(
        chunked_fetch=self.chunked_fetch, chunk_size=self.chunk_size
    )
  File "C:\Users\Crist\Desktop\AIversefullstack - 6.3 - editable\backend\venv\Lib\site-packages\django\db\models\sql\compiler.py", line 1623, in execute_sql
    cursor.execute(sql, params)
    ~~~~~~~~~~~~~~^^^^^^^^^^^^^
  File "C:\Users\Crist\Desktop\AIversefullstack - 6.3 - editable\backend\venv\Lib\site-packages\django\db\backends\utils.py", line 122, in execute
    return super().execute(sql, params)
           ~~~~~~~~~~~~~~~^^^^^^^^^^^^^
  File "C:\Users\Crist\Desktop\AIversefullstack - 6.3 - editable\backend\venv\Lib\site-packages\django\db\backends\utils.py", line 79, in execute
    return self._execute_with_wrappers(
           ~~~~~~~~~~~~~~~~~~~~~~~~~~~^
        sql, params, many=False, executor=self._execute
        ^^^^^^^^^^^^^^^^^^^^^^^^^^^^^^^^^^^^^^^^^^^^^^^
    )
    ^
  File "C:\Users\Crist\Desktop\AIversefullstack - 6.3 - editable\backend\venv\Lib\site-packages\django\db\backends\utils.py", line 92, in _execute_with_wrappers
    return executor(sql, params, many, context)
  File "C:\Users\Crist\Desktop\AIversefullstack - 6.3 - editable\backend\venv\Lib\site-packages\django\db\backends\utils.py", line 100, in _execute
    with self.db.wrap_database_errors:
         ^^^^^^^^^^^^^^^^^^^^^^^^^^^^
  File "C:\Users\Crist\Desktop\AIversefullstack - 6.3 - editable\backend\venv\Lib\site-packages\django\db\utils.py", line 91, in __exit__
    raise dj_exc_value.with_traceback(traceback) from exc_value
  File "C:\Users\Crist\Desktop\AIversefullstack - 6.3 - editable\backend\venv\Lib\site-packages\django\db\backends\utils.py", line 105, in _execute
    return self.cursor.execute(sql, params)
           ~~~~~~~~~~~~~~~~~~~^^^^^^^^^^^^^
  File "C:\Users\Crist\Desktop\AIversefullstack - 6.3 - editable\backend\venv\Lib\site-packages\django\db\backends\sqlite3\base.py", line 360, in execute
    return super().execute(query, params)
           ~~~~~~~~~~~~~~~^^^^^^^^^^^^^^^
django.db.utils.OperationalError: no such column: votes.prompts_id
ERROR 2025-12-17 01:21:16,121 log Internal Server Error: /api/comments/perform_create
Traceback (most recent call last):
  File "C:\Users\Crist\Desktop\AIversefullstack - 6.3 - editable\backend\venv\Lib\site-packages\django\core\handlers\exception.py", line 55, in inner
    response = get_response(request)
  File "C:\Users\Crist\Desktop\AIversefullstack - 6.3 - editable\backend\venv\Lib\site-packages\django\utils\deprecation.py", line 122, in __call__
    response = self.process_response(request, response)
  File "C:\Users\Crist\Desktop\AIversefullstack - 6.3 - editable\backend\venv\Lib\site-packages\django\middleware\common.py", line 108, in process_response
    return self.response_redirect_class(self.get_full_path_with_slash(request))
                                        ~~~~~~~~~~~~~~~~~~~~~~~~~~~~~^^^^^^^^^
  File "C:\Users\Crist\Desktop\AIversefullstack - 6.3 - editable\backend\venv\Lib\site-packages\django\middleware\common.py", line 87, in get_full_path_with_slash
    raise RuntimeError(
    ...<9 lines>...
    )
RuntimeError: You called this URL via POST, but the URL doesn't end in a slash and you have APPEND_SLASH set. Django can't redirect to the slash URL while maintaining POST data. Change your form to point to localhost:8000/api/comments/perform_create/ (note the trailing slash), or set APPEND_SLASH=False in your Django settings.
ERROR 2025-12-17 01:21:19,623 log Internal Server Error: /api/comments/perform_create
Traceback (most recent call last):
  File "C:\Users\Crist\Desktop\AIversefullstack - 6.3 - editable\backend\venv\Lib\site-packages\django\core\handlers\exception.py", line 55, in inner
    response = get_response(request)
  File "C:\Users\Crist\Desktop\AIversefullstack - 6.3 - editable\backend\venv\Lib\site-packages\django\utils\deprecation.py", line 122, in __call__
    response = self.process_response(request, response)
  File "C:\Users\Crist\Desktop\AIversefullstack - 6.3 - editable\backend\venv\Lib\site-packages\django\middleware\common.py", line 108, in process_response
    return self.response_redirect_class(self.get_full_path_with_slash(request))
                                        ~~~~~~~~~~~~~~~~~~~~~~~~~~~~~^^^^^^^^^
  File "C:\Users\Crist\Desktop\AIversefullstack - 6.3 - editable\backend\venv\Lib\site-packages\django\middleware\common.py", line 87, in get_full_path_with_slash
    raise RuntimeError(
    ...<9 lines>...
    )
RuntimeError: You called this URL via POST, but the URL doesn't end in a slash and you have APPEND_SLASH set. Django can't redirect to the slash URL while maintaining POST data. Change your form to point to localhost:8000/api/comments/perform_create/ (note the trailing slash), or set APPEND_SLASH=False in your Django settings.
